#
# A fatal error has been detected by the Java Runtime Environment:
#
#  EXCEPTION_ACCESS_VIOLATION (0xc0000005) at pc=0x00007ffa526a1be3, pid=9456, tid=12668
#
# JRE version: Java(TM) SE Runtime Environment 18.9 (11.0.18+9) (build 11.0.18+9-LTS-195)
# Java VM: Java HotSpot(TM) 64-Bit Server VM 18.9 (11.0.18+9-LTS-195, mixed mode, tiered, compressed oops, g1 gc, windows-amd64)
# Problematic frame:
# V  [jvm.dll+0x551be3]
#
# No core dump will be written. Minidumps are not enabled by default on client versions of Windows
#
# If you would like to submit a bug report, please visit:
#   https://bugreport.java.com/bugreport/crash.jsp
#

---------------  S U M M A R Y ------------

Command Line: -javaagent:C:\Program Files\JetBrains\IntelliJ IDEA Community Edition 2023.2.1\lib\idea_rt.jar=51145:C:\Program Files\JetBrains\IntelliJ IDEA Community Edition 2023.2.1\bin -Dfile.encoding=UTF-8 tek.Scenarios.UserStory3

Host: Intel(R) Core(TM) i7-8550U CPU @ 1.80GHz, 8 cores, 7G,  Windows 10 , 64 bit Build 19041 (10.0.19041.3155)
Time: Sun Sep 10 23:24:37 2023 Mountain Daylight Time elapsed time: 1.889102 seconds (0d 0h 0m 1s)

---------------  T H R E A D  ---------------

Current thread (0x00000166b1451800):  JavaThread "C2 CompilerThread1" daemon [_thread_in_native, id=12668, stack(0x0000000180500000,0x0000000180600000)]


Current CompileTask:
C2:   1889 1199       4       java.lang.StringLatin1::toUpperCase (180 bytes)

Stack: [0x0000000180500000,0x0000000180600000],  sp=0x00000001805fbce0,  free space=1007k
Native frames: (J=compiled Java code, j=interpreted, Vv=VM code, C=native code)
V  [jvm.dll+0x551be3]
V  [jvm.dll+0x1a2247]
V  [jvm.dll+0x2114fd]
V  [jvm.dll+0x210378]
V  [jvm.dll+0x18c641]
V  [jvm.dll+0x220609]
V  [jvm.dll+0x21e92c]
V  [jvm.dll+0x763f61]
V  [jvm.dll+0x75c924]
V  [jvm.dll+0x65c755]
C  [ucrtbase.dll+0x21bb2]
C  [KERNEL32.DLL+0x17614]
C  [ntdll.dll+0x526b1]


siginfo: EXCEPTION_ACCESS_VIOLATION (0xc0000005), reading address 0x0000016940e618a0


Register to memory mapping:

RIP=0x00007ffa526a1be3 jvm.dll
RAX=0x00000001805fc190 is pointing into the stack for thread: 0x00000166b1451800
RBX=0x00000001805fbef0 is pointing into the stack for thread: 0x00000166b1451800
RCX=0x00000166b0380920 points into unknown readable memory: 0x00000166b17b0d28 | 28 0d 7b b1 66 01 00 00
RDX=0x000000005215c1f0 is an unknown value
RSP=0x00000001805fbce0 is pointing into the stack for thread: 0x00000166b1451800
RBP=0x0000000000001000 is an unknown value
RSI=0x00000166b0879310 points into unknown readable memory: 0x00007ffa529bba60 | 60 ba 9b 52 fa 7f 00 00
RDI=0x0 is NULL
R8 =0x00000166b0b52520 points into unknown readable memory: 0x000000000000000c | 0c 00 00 00 00 00 00 00
R9 =0x0 is NULL
R10=0x00007ffa52be64d0 jvm.dll
R11=0x00000001805fbcd8 is pointing into the stack for thread: 0x00000166b1451800
R12=0x0000000000000004 is an unknown value
R13=0x00000166b0a65f20 points into unknown readable memory: 0x000000000000000a | 0a 00 00 00 00 00 00 00
R14=0x0000000000000008 is an unknown value
R15=0x00000166b16527a0 points into unknown readable memory: 0x00007ffa529b7720 | 20 77 9b 52 fa 7f 00 00


Registers:
RAX=0x00000001805fc190, RBX=0x00000001805fbef0, RCX=0x00000166b0380920, RDX=0x000000005215c1f0
RSP=0x00000001805fbce0, RBP=0x0000000000001000, RSI=0x00000166b0879310, RDI=0x0000000000000000
R8 =0x00000166b0b52520, R9 =0x0000000000000000, R10=0x00007ffa52be64d0, R11=0x00000001805fbcd8
R12=0x0000000000000004, R13=0x00000166b0a65f20, R14=0x0000000000000008, R15=0x00000166b16527a0
RIP=0x00007ffa526a1be3, EFLAGS=0x0000000000010206

Top of Stack: (sp=0x00000001805fbce0)
0x00000001805fbce0:   00000001805fbef0 00000001805fbef0
0x00000001805fbcf0:   00000001805fbef0 00000001805fbd18
0x00000001805fbd00:   00000166b0a65f20 00000166b14e3698
0x00000001805fbd10:   00000166b14e36a0 00007ffa52a45150
0x00000001805fbd20:   00000166b144f030 0000000100000004
0x00000001805fbd30:   00000166b0a66100 00000166b144f030
0x00000001805fbd40:   00000166b0259e00 0000000000044bc0
0x00000001805fbd50:   00000166b025db10 00000166b0261de8
0x00000001805fbd60:   00000000000145a0 00000166b02a6c70
0x00000001805fbd70:   00000000000003d8 00000166b02a7058
0x00000001805fbd80:   00000166b02a6c80 00000001805fc318
0x00000001805fbd90:   0000000000000000 00000001805fbeb0
0x00000001805fbda0:   00000001805fc230 00007ffa522f2247
0x00000001805fbdb0:   000000010000005b 0000000100000006
0x00000001805fbdc0:   00000166b0a61230 00000166b0879310
0x00000001805fbdd0:   00000000deadbe00 00000001805fc3c0 

Instructions: (pc=0x00007ffa526a1be3)
0x00007ffa526a1bc3:   41 be 08 00 00 00 0f 1f 80 00 00 00 00 49 8b 47
0x00007ffa526a1bd3:   08 49 8b 0c 06 48 8b 43 40 8b 51 28 48 8b 48 78
0x00007ffa526a1be3:   48 39 34 d1 74 6c 48 8b 43 48 48 63 d2 48 8b 48
0x00007ffa526a1bf3:   18 8b 3c 91 85 ff 74 5a 49 8b 45 08 8b d7 48 c1 


Stack slot to memory mapping:
stack at sp + 0 slots: 0x00000001805fbef0 is pointing into the stack for thread: 0x00000166b1451800
stack at sp + 1 slots: 0x00000001805fbef0 is pointing into the stack for thread: 0x00000166b1451800
stack at sp + 2 slots: 0x00000001805fbef0 is pointing into the stack for thread: 0x00000166b1451800
stack at sp + 3 slots: 0x00000001805fbd18 is pointing into the stack for thread: 0x00000166b1451800
stack at sp + 4 slots: 0x00000166b0a65f20 points into unknown readable memory: 0x000000000000000a | 0a 00 00 00 00 00 00 00
stack at sp + 5 slots: 0x00000166b14e3698 points into unknown readable memory: 0x00000166b1451800 | 00 18 45 b1 66 01 00 00
stack at sp + 6 slots: 0x00000166b14e36a0 points into unknown readable memory: 0x8000000800000001 | 01 00 00 00 08 00 00 80
stack at sp + 7 slots: 0x00007ffa52a45150 jvm.dll


---------------  P R O C E S S  ---------------

Threads class SMR info:
_java_thread_list=0x00000166b14ac8e0, length=14, elements={
0x00000166917d7800, 0x00000166af783000, 0x00000166af785000, 0x00000166af797800,
0x00000166af798800, 0x00000166af79a800, 0x00000166af79d800, 0x00000166b011c800,
0x00000166b011e000, 0x00000166af719000, 0x00000166b0581000, 0x00000166b1454800,
0x00000166b1451800, 0x00000166b0c8a800
}

Java Threads: ( => current thread )
  0x00000166917d7800 JavaThread "main" [_thread_in_Java, id=8880, stack(0x00000001ff200000,0x00000001ff300000)]
  0x00000166af783000 JavaThread "Reference Handler" daemon [_thread_blocked, id=6852, stack(0x00000001ff900000,0x00000001ffa00000)]
  0x00000166af785000 JavaThread "Finalizer" daemon [_thread_blocked, id=7540, stack(0x00000001ffa00000,0x00000001ffb00000)]
  0x00000166af797800 JavaThread "Signal Dispatcher" daemon [_thread_blocked, id=2644, stack(0x00000001ffb00000,0x00000001ffc00000)]
  0x00000166af798800 JavaThread "Attach Listener" daemon [_thread_blocked, id=8872, stack(0x00000001ffc00000,0x00000001ffd00000)]
  0x00000166af79a800 JavaThread "Service Thread" daemon [_thread_blocked, id=2916, stack(0x00000001ffd00000,0x00000001ffe00000)]
  0x00000166af79d800 JavaThread "C2 CompilerThread0" daemon [_thread_in_native, id=5824, stack(0x00000001ffe00000,0x00000001fff00000)]
  0x00000166b011c800 JavaThread "C1 CompilerThread0" daemon [_thread_in_native, id=1008, stack(0x00000001fff00000,0x0000000200000000)]
  0x00000166b011e000 JavaThread "Sweeper thread" daemon [_thread_blocked, id=1496, stack(0x0000000180000000,0x0000000180100000)]
  0x00000166af719000 JavaThread "Common-Cleaner" daemon [_thread_blocked, id=13300, stack(0x0000000180100000,0x0000000180200000)]
  0x00000166b0581000 JavaThread "Monitor Ctrl-Break" daemon [_thread_in_native, id=2860, stack(0x0000000180300000,0x0000000180400000)]
  0x00000166b1454800 JavaThread "ForkJoinPool.commonPool-worker-3" daemon [_thread_blocked, id=8904, stack(0x0000000180200000,0x0000000180300000)]
=>0x00000166b1451800 JavaThread "C2 CompilerThread1" daemon [_thread_in_native, id=12668, stack(0x0000000180500000,0x0000000180600000)]
  0x00000166b0c8a800 JavaThread "AsyncHttpClient-1-1" daemon [_thread_blocked, id=3700, stack(0x0000000180800000,0x0000000180900000)]

Other Threads:
  0x00000166af760800 VMThread "VM Thread" [stack: 0x00000001ff800000,0x00000001ff900000] [id=12972]
  0x00000166b0581800 WatcherThread [stack: 0x0000000180400000,0x0000000180500000] [id=7088]
  0x00000166917ec800 GCTaskThread "GC Thread#0" [stack: 0x00000001ff300000,0x00000001ff400000] [id=12452]
  0x00000166b1598800 GCTaskThread "GC Thread#1" [stack: 0x0000000180600000,0x0000000180700000] [id=8724]
  0x00000166b1435800 GCTaskThread "GC Thread#2" [stack: 0x0000000180700000,0x0000000180800000] [id=10544]
  0x000001669181d000 ConcurrentGCThread "G1 Main Marker" [stack: 0x00000001ff400000,0x00000001ff500000] [id=12444]
  0x000001669181f800 ConcurrentGCThread "G1 Conc#0" [stack: 0x00000001ff500000,0x00000001ff600000] [id=7860]
  0x00000166918ad800 ConcurrentGCThread "G1 Refine#0" [stack: 0x00000001ff600000,0x00000001ff700000] [id=13552]
  0x00000166918ae800 ConcurrentGCThread "G1 Young RemSet Sampling" [stack: 0x00000001ff700000,0x00000001ff800000] [id=9332]

Threads with active compile tasks:
C2 CompilerThread0     1967 1405       4       sun.security.util.DerInputStream::getLength (243 bytes)
C1 CompilerThread0     1967 1412       3       sun.security.util.ObjectIdentifier::toString (285 bytes)
C2 CompilerThread1     1967 1199       4       java.lang.StringLatin1::toUpperCase (180 bytes)

VM state:not at safepoint (normal execution)

VM Mutex/Monitor currently owned by a thread: None

Heap address: 0x0000000081800000, size: 2024 MB, Compressed Oops mode: 32-bit
Narrow klass base: 0x0000000000000000, Narrow klass shift: 3
Compressed class space size: 1073741824 Address: 0x0000000100000000

Heap:
 garbage-first heap   total 131072K, used 15653K [0x0000000081800000, 0x0000000100000000)
  region size 1024K, 15 young (15360K), 3 survivors (3072K)
 Metaspace       used 16104K, capacity 16524K, committed 16768K, reserved 1064960K
  class space    used 1692K, capacity 1859K, committed 1920K, reserved 1048576K
Heap Regions: E=young(eden), S=young(survivor), O=old, HS=humongous(starts), HC=humongous(continues), CS=collection set, F=free, A=archive, TAMS=top-at-mark-start (previous, next)
|   0|0x0000000081800000, 0x0000000081900000, 0x0000000081900000|100%| O|  |TAMS 0x0000000081800000, 0x0000000081800000| Untracked 
|   1|0x0000000081900000, 0x0000000081949400, 0x0000000081a00000| 28%| O|  |TAMS 0x0000000081900000, 0x0000000081900000| Untracked 
|   2|0x0000000081a00000, 0x0000000081a00000, 0x0000000081b00000|  0%| F|  |TAMS 0x0000000081a00000, 0x0000000081a00000| Untracked 
|   3|0x0000000081b00000, 0x0000000081b00000, 0x0000000081c00000|  0%| F|  |TAMS 0x0000000081b00000, 0x0000000081b00000| Untracked 
|   4|0x0000000081c00000, 0x0000000081c00000, 0x0000000081d00000|  0%| F|  |TAMS 0x0000000081c00000, 0x0000000081c00000| Untracked 
|   5|0x0000000081d00000, 0x0000000081d00000, 0x0000000081e00000|  0%| F|  |TAMS 0x0000000081d00000, 0x0000000081d00000| Untracked 
|   6|0x0000000081e00000, 0x0000000081e00000, 0x0000000081f00000|  0%| F|  |TAMS 0x0000000081e00000, 0x0000000081e00000| Untracked 
|   7|0x0000000081f00000, 0x0000000081f00000, 0x0000000082000000|  0%| F|  |TAMS 0x0000000081f00000, 0x0000000081f00000| Untracked 
|   8|0x0000000082000000, 0x0000000082000000, 0x0000000082100000|  0%| F|  |TAMS 0x0000000082000000, 0x0000000082000000| Untracked 
|   9|0x0000000082100000, 0x0000000082100000, 0x0000000082200000|  0%| F|  |TAMS 0x0000000082100000, 0x0000000082100000| Untracked 
|  10|0x0000000082200000, 0x0000000082200000, 0x0000000082300000|  0%| F|  |TAMS 0x0000000082200000, 0x0000000082200000| Untracked 
|  11|0x0000000082300000, 0x0000000082300000, 0x0000000082400000|  0%| F|  |TAMS 0x0000000082300000, 0x0000000082300000| Untracked 
|  12|0x0000000082400000, 0x0000000082400000, 0x0000000082500000|  0%| F|  |TAMS 0x0000000082400000, 0x0000000082400000| Untracked 
|  13|0x0000000082500000, 0x0000000082500000, 0x0000000082600000|  0%| F|  |TAMS 0x0000000082500000, 0x0000000082500000| Untracked 
|  14|0x0000000082600000, 0x0000000082600000, 0x0000000082700000|  0%| F|  |TAMS 0x0000000082600000, 0x0000000082600000| Untracked 
|  15|0x0000000082700000, 0x0000000082700000, 0x0000000082800000|  0%| F|  |TAMS 0x0000000082700000, 0x0000000082700000| Untracked 
|  16|0x0000000082800000, 0x0000000082800000, 0x0000000082900000|  0%| F|  |TAMS 0x0000000082800000, 0x0000000082800000| Untracked 
|  17|0x0000000082900000, 0x0000000082900000, 0x0000000082a00000|  0%| F|  |TAMS 0x0000000082900000, 0x0000000082900000| Untracked 
|  18|0x0000000082a00000, 0x0000000082a00000, 0x0000000082b00000|  0%| F|  |TAMS 0x0000000082a00000, 0x0000000082a00000| Untracked 
|  19|0x0000000082b00000, 0x0000000082b00000, 0x0000000082c00000|  0%| F|  |TAMS 0x0000000082b00000, 0x0000000082b00000| Untracked 
|  20|0x0000000082c00000, 0x0000000082c00000, 0x0000000082d00000|  0%| F|  |TAMS 0x0000000082c00000, 0x0000000082c00000| Untracked 
|  21|0x0000000082d00000, 0x0000000082d00000, 0x0000000082e00000|  0%| F|  |TAMS 0x0000000082d00000, 0x0000000082d00000| Untracked 
|  22|0x0000000082e00000, 0x0000000082e00000, 0x0000000082f00000|  0%| F|  |TAMS 0x0000000082e00000, 0x0000000082e00000| Untracked 
|  23|0x0000000082f00000, 0x0000000082f00000, 0x0000000083000000|  0%| F|  |TAMS 0x0000000082f00000, 0x0000000082f00000| Untracked 
|  24|0x0000000083000000, 0x0000000083000000, 0x0000000083100000|  0%| F|  |TAMS 0x0000000083000000, 0x0000000083000000| Untracked 
|  25|0x0000000083100000, 0x0000000083100000, 0x0000000083200000|  0%| F|  |TAMS 0x0000000083100000, 0x0000000083100000| Untracked 
|  26|0x0000000083200000, 0x0000000083200000, 0x0000000083300000|  0%| F|  |TAMS 0x0000000083200000, 0x0000000083200000| Untracked 
|  27|0x0000000083300000, 0x0000000083300000, 0x0000000083400000|  0%| F|  |TAMS 0x0000000083300000, 0x0000000083300000| Untracked 
|  28|0x0000000083400000, 0x0000000083400000, 0x0000000083500000|  0%| F|  |TAMS 0x0000000083400000, 0x0000000083400000| Untracked 
|  29|0x0000000083500000, 0x0000000083500000, 0x0000000083600000|  0%| F|  |TAMS 0x0000000083500000, 0x0000000083500000| Untracked 
|  30|0x0000000083600000, 0x0000000083600000, 0x0000000083700000|  0%| F|  |TAMS 0x0000000083600000, 0x0000000083600000| Untracked 
|  31|0x0000000083700000, 0x0000000083700000, 0x0000000083800000|  0%| F|  |TAMS 0x0000000083700000, 0x0000000083700000| Untracked 
|  32|0x0000000083800000, 0x0000000083800000, 0x0000000083900000|  0%| F|  |TAMS 0x0000000083800000, 0x0000000083800000| Untracked 
|  33|0x0000000083900000, 0x0000000083900000, 0x0000000083a00000|  0%| F|  |TAMS 0x0000000083900000, 0x0000000083900000| Untracked 
|  34|0x0000000083a00000, 0x0000000083a00000, 0x0000000083b00000|  0%| F|  |TAMS 0x0000000083a00000, 0x0000000083a00000| Untracked 
|  35|0x0000000083b00000, 0x0000000083b00000, 0x0000000083c00000|  0%| F|  |TAMS 0x0000000083b00000, 0x0000000083b00000| Untracked 
|  36|0x0000000083c00000, 0x0000000083c00000, 0x0000000083d00000|  0%| F|  |TAMS 0x0000000083c00000, 0x0000000083c00000| Untracked 
|  37|0x0000000083d00000, 0x0000000083d00000, 0x0000000083e00000|  0%| F|  |TAMS 0x0000000083d00000, 0x0000000083d00000| Untracked 
|  38|0x0000000083e00000, 0x0000000083e00000, 0x0000000083f00000|  0%| F|  |TAMS 0x0000000083e00000, 0x0000000083e00000| Untracked 
|  39|0x0000000083f00000, 0x0000000083f00000, 0x0000000084000000|  0%| F|  |TAMS 0x0000000083f00000, 0x0000000083f00000| Untracked 
|  40|0x0000000084000000, 0x0000000084000000, 0x0000000084100000|  0%| F|  |TAMS 0x0000000084000000, 0x0000000084000000| Untracked 
|  41|0x0000000084100000, 0x0000000084100000, 0x0000000084200000|  0%| F|  |TAMS 0x0000000084100000, 0x0000000084100000| Untracked 
|  42|0x0000000084200000, 0x0000000084200000, 0x0000000084300000|  0%| F|  |TAMS 0x0000000084200000, 0x0000000084200000| Untracked 
|  43|0x0000000084300000, 0x0000000084300000, 0x0000000084400000|  0%| F|  |TAMS 0x0000000084300000, 0x0000000084300000| Untracked 
|  44|0x0000000084400000, 0x0000000084400000, 0x0000000084500000|  0%| F|  |TAMS 0x0000000084400000, 0x0000000084400000| Untracked 
|  45|0x0000000084500000, 0x0000000084500000, 0x0000000084600000|  0%| F|  |TAMS 0x0000000084500000, 0x0000000084500000| Untracked 
|  46|0x0000000084600000, 0x0000000084600000, 0x0000000084700000|  0%| F|  |TAMS 0x0000000084600000, 0x0000000084600000| Untracked 
|  47|0x0000000084700000, 0x0000000084700000, 0x0000000084800000|  0%| F|  |TAMS 0x0000000084700000, 0x0000000084700000| Untracked 
|  48|0x0000000084800000, 0x0000000084800000, 0x0000000084900000|  0%| F|  |TAMS 0x0000000084800000, 0x0000000084800000| Untracked 
|  49|0x0000000084900000, 0x0000000084900000, 0x0000000084a00000|  0%| F|  |TAMS 0x0000000084900000, 0x0000000084900000| Untracked 
|  50|0x0000000084a00000, 0x0000000084a00000, 0x0000000084b00000|  0%| F|  |TAMS 0x0000000084a00000, 0x0000000084a00000| Untracked 
|  51|0x0000000084b00000, 0x0000000084b00000, 0x0000000084c00000|  0%| F|  |TAMS 0x0000000084b00000, 0x0000000084b00000| Untracked 
|  52|0x0000000084c00000, 0x0000000084c00000, 0x0000000084d00000|  0%| F|  |TAMS 0x0000000084c00000, 0x0000000084c00000| Untracked 
|  53|0x0000000084d00000, 0x0000000084d00000, 0x0000000084e00000|  0%| F|  |TAMS 0x0000000084d00000, 0x0000000084d00000| Untracked 
|  54|0x0000000084e00000, 0x0000000084e00000, 0x0000000084f00000|  0%| F|  |TAMS 0x0000000084e00000, 0x0000000084e00000| Untracked 
|  55|0x0000000084f00000, 0x0000000084f00000, 0x0000000085000000|  0%| F|  |TAMS 0x0000000084f00000, 0x0000000084f00000| Untracked 
|  56|0x0000000085000000, 0x0000000085000000, 0x0000000085100000|  0%| F|  |TAMS 0x0000000085000000, 0x0000000085000000| Untracked 
|  57|0x0000000085100000, 0x0000000085100000, 0x0000000085200000|  0%| F|  |TAMS 0x0000000085100000, 0x0000000085100000| Untracked 
|  58|0x0000000085200000, 0x0000000085200000, 0x0000000085300000|  0%| F|  |TAMS 0x0000000085200000, 0x0000000085200000| Untracked 
|  59|0x0000000085300000, 0x0000000085300000, 0x0000000085400000|  0%| F|  |TAMS 0x0000000085300000, 0x0000000085300000| Untracked 
|  60|0x0000000085400000, 0x0000000085400000, 0x0000000085500000|  0%| F|  |TAMS 0x0000000085400000, 0x0000000085400000| Untracked 
|  61|0x0000000085500000, 0x0000000085500000, 0x0000000085600000|  0%| F|  |TAMS 0x0000000085500000, 0x0000000085500000| Untracked 
|  62|0x0000000085600000, 0x0000000085600000, 0x0000000085700000|  0%| F|  |TAMS 0x0000000085600000, 0x0000000085600000| Untracked 
|  63|0x0000000085700000, 0x0000000085700000, 0x0000000085800000|  0%| F|  |TAMS 0x0000000085700000, 0x0000000085700000| Untracked 
|  64|0x0000000085800000, 0x0000000085800000, 0x0000000085900000|  0%| F|  |TAMS 0x0000000085800000, 0x0000000085800000| Untracked 
|  65|0x0000000085900000, 0x0000000085900000, 0x0000000085a00000|  0%| F|  |TAMS 0x0000000085900000, 0x0000000085900000| Untracked 
|  66|0x0000000085a00000, 0x0000000085a00000, 0x0000000085b00000|  0%| F|  |TAMS 0x0000000085a00000, 0x0000000085a00000| Untracked 
|  67|0x0000000085b00000, 0x0000000085b00000, 0x0000000085c00000|  0%| F|  |TAMS 0x0000000085b00000, 0x0000000085b00000| Untracked 
|  68|0x0000000085c00000, 0x0000000085c00000, 0x0000000085d00000|  0%| F|  |TAMS 0x0000000085c00000, 0x0000000085c00000| Untracked 
|  69|0x0000000085d00000, 0x0000000085d00000, 0x0000000085e00000|  0%| F|  |TAMS 0x0000000085d00000, 0x0000000085d00000| Untracked 
|  70|0x0000000085e00000, 0x0000000085e00000, 0x0000000085f00000|  0%| F|  |TAMS 0x0000000085e00000, 0x0000000085e00000| Untracked 
|  71|0x0000000085f00000, 0x0000000085f00000, 0x0000000086000000|  0%| F|  |TAMS 0x0000000085f00000, 0x0000000085f00000| Untracked 
|  72|0x0000000086000000, 0x0000000086000000, 0x0000000086100000|  0%| F|  |TAMS 0x0000000086000000, 0x0000000086000000| Untracked 
|  73|0x0000000086100000, 0x0000000086100000, 0x0000000086200000|  0%| F|  |TAMS 0x0000000086100000, 0x0000000086100000| Untracked 
|  74|0x0000000086200000, 0x0000000086200000, 0x0000000086300000|  0%| F|  |TAMS 0x0000000086200000, 0x0000000086200000| Untracked 
|  75|0x0000000086300000, 0x0000000086300000, 0x0000000086400000|  0%| F|  |TAMS 0x0000000086300000, 0x0000000086300000| Untracked 
|  76|0x0000000086400000, 0x0000000086400000, 0x0000000086500000|  0%| F|  |TAMS 0x0000000086400000, 0x0000000086400000| Untracked 
|  77|0x0000000086500000, 0x0000000086500000, 0x0000000086600000|  0%| F|  |TAMS 0x0000000086500000, 0x0000000086500000| Untracked 
|  78|0x0000000086600000, 0x0000000086600000, 0x0000000086700000|  0%| F|  |TAMS 0x0000000086600000, 0x0000000086600000| Untracked 
|  79|0x0000000086700000, 0x0000000086700000, 0x0000000086800000|  0%| F|  |TAMS 0x0000000086700000, 0x0000000086700000| Untracked 
|  80|0x0000000086800000, 0x0000000086800000, 0x0000000086900000|  0%| F|  |TAMS 0x0000000086800000, 0x0000000086800000| Untracked 
|  81|0x0000000086900000, 0x0000000086900000, 0x0000000086a00000|  0%| F|  |TAMS 0x0000000086900000, 0x0000000086900000| Untracked 
|  82|0x0000000086a00000, 0x0000000086a00000, 0x0000000086b00000|  0%| F|  |TAMS 0x0000000086a00000, 0x0000000086a00000| Untracked 
|  83|0x0000000086b00000, 0x0000000086b00000, 0x0000000086c00000|  0%| F|  |TAMS 0x0000000086b00000, 0x0000000086b00000| Untracked 
|  84|0x0000000086c00000, 0x0000000086c00000, 0x0000000086d00000|  0%| F|  |TAMS 0x0000000086c00000, 0x0000000086c00000| Untracked 
|  85|0x0000000086d00000, 0x0000000086d00000, 0x0000000086e00000|  0%| F|  |TAMS 0x0000000086d00000, 0x0000000086d00000| Untracked 
|  86|0x0000000086e00000, 0x0000000086e00000, 0x0000000086f00000|  0%| F|  |TAMS 0x0000000086e00000, 0x0000000086e00000| Untracked 
|  87|0x0000000086f00000, 0x0000000086f00000, 0x0000000087000000|  0%| F|  |TAMS 0x0000000086f00000, 0x0000000086f00000| Untracked 
|  88|0x0000000087000000, 0x0000000087000000, 0x0000000087100000|  0%| F|  |TAMS 0x0000000087000000, 0x0000000087000000| Untracked 
|  89|0x0000000087100000, 0x0000000087100000, 0x0000000087200000|  0%| F|  |TAMS 0x0000000087100000, 0x0000000087100000| Untracked 
|  90|0x0000000087200000, 0x0000000087200000, 0x0000000087300000|  0%| F|  |TAMS 0x0000000087200000, 0x0000000087200000| Untracked 
|  91|0x0000000087300000, 0x0000000087300000, 0x0000000087400000|  0%| F|  |TAMS 0x0000000087300000, 0x0000000087300000| Untracked 
|  92|0x0000000087400000, 0x0000000087400000, 0x0000000087500000|  0%| F|  |TAMS 0x0000000087400000, 0x0000000087400000| Untracked 
|  93|0x0000000087500000, 0x0000000087500000, 0x0000000087600000|  0%| F|  |TAMS 0x0000000087500000, 0x0000000087500000| Untracked 
|  94|0x0000000087600000, 0x0000000087600000, 0x0000000087700000|  0%| F|  |TAMS 0x0000000087600000, 0x0000000087600000| Untracked 
|  95|0x0000000087700000, 0x0000000087700000, 0x0000000087800000|  0%| F|  |TAMS 0x0000000087700000, 0x0000000087700000| Untracked 
|  96|0x0000000087800000, 0x0000000087800000, 0x0000000087900000|  0%| F|  |TAMS 0x0000000087800000, 0x0000000087800000| Untracked 
|  97|0x0000000087900000, 0x0000000087900000, 0x0000000087a00000|  0%| F|  |TAMS 0x0000000087900000, 0x0000000087900000| Untracked 
|  98|0x0000000087a00000, 0x0000000087a00000, 0x0000000087b00000|  0%| F|  |TAMS 0x0000000087a00000, 0x0000000087a00000| Untracked 
|  99|0x0000000087b00000, 0x0000000087b00000, 0x0000000087c00000|  0%| F|  |TAMS 0x0000000087b00000, 0x0000000087b00000| Untracked 
| 100|0x0000000087c00000, 0x0000000087c00000, 0x0000000087d00000|  0%| F|  |TAMS 0x0000000087c00000, 0x0000000087c00000| Untracked 
| 101|0x0000000087d00000, 0x0000000087e00000, 0x0000000087e00000|100%| S|CS|TAMS 0x0000000087d00000, 0x0000000087d00000| Complete 
| 102|0x0000000087e00000, 0x0000000087f00000, 0x0000000087f00000|100%| S|CS|TAMS 0x0000000087e00000, 0x0000000087e00000| Complete 
| 103|0x0000000087f00000, 0x0000000088000000, 0x0000000088000000|100%| S|CS|TAMS 0x0000000087f00000, 0x0000000087f00000| Complete 
| 104|0x0000000088000000, 0x0000000088000000, 0x0000000088100000|  0%| F|  |TAMS 0x0000000088000000, 0x0000000088000000| Untracked 
| 105|0x0000000088100000, 0x0000000088100000, 0x0000000088200000|  0%| F|  |TAMS 0x0000000088100000, 0x0000000088100000| Untracked 
| 106|0x0000000088200000, 0x0000000088200000, 0x0000000088300000|  0%| F|  |TAMS 0x0000000088200000, 0x0000000088200000| Untracked 
| 107|0x0000000088300000, 0x0000000088300000, 0x0000000088400000|  0%| F|  |TAMS 0x0000000088300000, 0x0000000088300000| Untracked 
| 108|0x0000000088400000, 0x0000000088400000, 0x0000000088500000|  0%| F|  |TAMS 0x0000000088400000, 0x0000000088400000| Untracked 
| 109|0x0000000088500000, 0x0000000088500000, 0x0000000088600000|  0%| F|  |TAMS 0x0000000088500000, 0x0000000088500000| Untracked 
| 110|0x0000000088600000, 0x0000000088600000, 0x0000000088700000|  0%| F|  |TAMS 0x0000000088600000, 0x0000000088600000| Untracked 
| 111|0x0000000088700000, 0x0000000088700000, 0x0000000088800000|  0%| F|  |TAMS 0x0000000088700000, 0x0000000088700000| Untracked 
| 112|0x0000000088800000, 0x0000000088800000, 0x0000000088900000|  0%| F|  |TAMS 0x0000000088800000, 0x0000000088800000| Untracked 
| 113|0x0000000088900000, 0x0000000088900000, 0x0000000088a00000|  0%| F|  |TAMS 0x0000000088900000, 0x0000000088900000| Untracked 
| 114|0x0000000088a00000, 0x0000000088a00000, 0x0000000088b00000|  0%| F|  |TAMS 0x0000000088a00000, 0x0000000088a00000| Untracked 
| 115|0x0000000088b00000, 0x0000000088b80800, 0x0000000088c00000| 50%| E|  |TAMS 0x0000000088b00000, 0x0000000088b00000| Complete 
| 116|0x0000000088c00000, 0x0000000088d00000, 0x0000000088d00000|100%| E|CS|TAMS 0x0000000088c00000, 0x0000000088c00000| Complete 
| 117|0x0000000088d00000, 0x0000000088e00000, 0x0000000088e00000|100%| E|CS|TAMS 0x0000000088d00000, 0x0000000088d00000| Complete 
| 118|0x0000000088e00000, 0x0000000088f00000, 0x0000000088f00000|100%| E|CS|TAMS 0x0000000088e00000, 0x0000000088e00000| Complete 
| 119|0x0000000088f00000, 0x0000000089000000, 0x0000000089000000|100%| E|CS|TAMS 0x0000000088f00000, 0x0000000088f00000| Complete 
| 120|0x0000000089000000, 0x0000000089100000, 0x0000000089100000|100%| E|CS|TAMS 0x0000000089000000, 0x0000000089000000| Complete 
| 121|0x0000000089100000, 0x0000000089200000, 0x0000000089200000|100%| E|CS|TAMS 0x0000000089100000, 0x0000000089100000| Complete 
| 122|0x0000000089200000, 0x0000000089300000, 0x0000000089300000|100%| E|CS|TAMS 0x0000000089200000, 0x0000000089200000| Complete 
| 123|0x0000000089300000, 0x0000000089400000, 0x0000000089400000|100%| E|CS|TAMS 0x0000000089300000, 0x0000000089300000| Complete 
| 124|0x0000000089400000, 0x0000000089500000, 0x0000000089500000|100%| E|CS|TAMS 0x0000000089400000, 0x0000000089400000| Complete 
| 125|0x0000000089500000, 0x0000000089600000, 0x0000000089600000|100%| E|CS|TAMS 0x0000000089500000, 0x0000000089500000| Complete 
| 126|0x0000000089600000, 0x0000000089700000, 0x0000000089700000|100%| E|CS|TAMS 0x0000000089600000, 0x0000000089600000| Complete 
| 127|0x0000000089700000, 0x0000000089800000, 0x0000000089800000|100%| E|CS|TAMS 0x0000000089700000, 0x0000000089700000| Complete 

Card table byte_map: [0x00000166a85e0000,0x00000166a89e0000] _byte_map_base: 0x00000166a81d4000

Marking Bits (Prev, Next): (CMBitMap*) 0x0000016691814728, (CMBitMap*) 0x0000016691814760
 Prev Bits: [0x00000166a8de0000, 0x00000166aad80000)
 Next Bits: [0x00000166aad80000, 0x00000166acd20000)

Polling page: 0x000001668f6f0000

Metaspace:

Usage:
  Non-class:     14.32 MB capacity,    14.09 MB ( 98%) used,   204.27 KB (  1%) free+waste,    31.38 KB ( <1%) overhead. 
      Class:      1.82 MB capacity,     1.65 MB ( 91%) used,   149.53 KB (  8%) free+waste,    15.94 KB ( <1%) overhead. 
       Both:     16.14 MB capacity,    15.75 MB ( 98%) used,   353.80 KB (  2%) free+waste,    47.31 KB ( <1%) overhead. 

Virtual space:
  Non-class space:       16.00 MB reserved,      14.50 MB ( 91%) committed 
      Class space:        1.00 GB reserved,       1.88 MB ( <1%) committed 
             Both:        1.02 GB reserved,      16.38 MB (  2%) committed 

Chunk freelists:
   Non-Class:  6.88 KB
       Class:  0 bytes
        Both:  6.88 KB

CodeHeap 'non-profiled nmethods': size=120000Kb used=464Kb max_used=464Kb free=119535Kb
 bounds [0x00000166a0980000, 0x00000166a0bf0000, 0x00000166a7eb0000]
CodeHeap 'profiled nmethods': size=120000Kb used=2668Kb max_used=2668Kb free=117331Kb
 bounds [0x0000016699450000, 0x00000166996f0000, 0x00000166a0980000]
CodeHeap 'non-nmethods': size=5760Kb used=1130Kb max_used=1144Kb free=4629Kb
 bounds [0x0000016698eb0000, 0x0000016699120000, 0x0000016699450000]
 total_blobs=1873 nmethods=1415 adapters=370
 compilation: enabled
              stopped_count=0, restarted_count=0
 full_count=0

Compilation events (10 events):
Event: 1.877 Thread 0x00000166b011c800 1206       3       java.util.regex.Pattern::append (39 bytes)
Event: 1.877 Thread 0x00000166b011c800 nmethod 1206 0x0000016699676f90 code [0x0000016699677140, 0x0000016699677488]
Event: 1.877 Thread 0x00000166b011c800 1207       3       java.lang.Class::reflectionData (43 bytes)
Event: 1.878 Thread 0x00000166b011c800 nmethod 1207 0x0000016699677610 code [0x00000166996777e0, 0x0000016699677bb8]
Event: 1.878 Thread 0x00000166b011c800 1208       3       sun.invoke.util.VerifyAccess::isTypeVisible (47 bytes)
Event: 1.878 Thread 0x00000166b011c800 nmethod 1208 0x0000016699677d10 code [0x0000016699677ee0, 0x00000166996782b8]
Event: 1.878 Thread 0x00000166b011c800 1209       3       jdk.internal.org.objectweb.asm.MethodWriter::visitMaxs (1144 bytes)
Event: 1.879 Thread 0x00000166af79d800 nmethod 1159 0x00000166a09e5590 code [0x00000166a09e57a0, 0x00000166a09e6c70]
Event: 1.881 Thread 0x00000166af79d800 1214       4       jdk.internal.org.objectweb.asm.Item::<init> (66 bytes)
Event: 1.882 Thread 0x00000166b011c800 nmethod 1209 0x0000016699678490 code [0x0000016699678980, 0x000001669967b2a8]

GC Heap History (2 events):
Event: 1.717 GC heap before
{Heap before GC invocations=0 (full 0):
 garbage-first heap   total 131072K, used 24576K [0x0000000081800000, 0x0000000100000000)
  region size 1024K, 24 young (24576K), 0 survivors (0K)
 Metaspace       used 12700K, capacity 12943K, committed 13184K, reserved 1060864K
  class space    used 1306K, capacity 1391K, committed 1408K, reserved 1048576K
}
Event: 1.723 GC heap after
{Heap after GC invocations=1 (full 0):
 garbage-first heap   total 131072K, used 4389K [0x0000000081800000, 0x0000000100000000)
  region size 1024K, 3 young (3072K), 3 survivors (3072K)
 Metaspace       used 12700K, capacity 12943K, committed 13184K, reserved 1060864K
  class space    used 1306K, capacity 1391K, committed 1408K, reserved 1048576K
}

Deoptimization events (10 events):
Event: 1.640 Thread 0x00000166917d7800 Uncommon trap: reason=class_check action=maybe_recompile pc=0x00000166a09c201c method=java.util.HashMap.putVal(ILjava/lang/Object;Ljava/lang/Object;ZZ)Ljava/lang/Object; @ 91 c2
Event: 1.640 Thread 0x00000166917d7800 Uncommon trap: reason=class_check action=maybe_recompile pc=0x00000166a09c201c method=java.util.HashMap.putVal(ILjava/lang/Object;Ljava/lang/Object;ZZ)Ljava/lang/Object; @ 91 c2
Event: 1.640 Thread 0x00000166917d7800 Uncommon trap: reason=class_check action=maybe_recompile pc=0x00000166a09c201c method=java.util.HashMap.putVal(ILjava/lang/Object;Ljava/lang/Object;ZZ)Ljava/lang/Object; @ 91 c2
Event: 1.816 Thread 0x00000166917d7800 Uncommon trap: reason=bimorphic_or_optimized_type_check action=maybe_recompile pc=0x00000166a09d17b8 method=java.util.HashMap.getNode(ILjava/lang/Object;)Ljava/util/HashMap$Node; @ 126 c2
Event: 1.816 Thread 0x00000166917d7800 Uncommon trap: reason=bimorphic_or_optimized_type_check action=maybe_recompile pc=0x00000166a09d17b8 method=java.util.HashMap.getNode(ILjava/lang/Object;)Ljava/util/HashMap$Node; @ 126 c2
Event: 1.816 Thread 0x00000166917d7800 Uncommon trap: reason=bimorphic_or_optimized_type_check action=maybe_recompile pc=0x00000166a09d17b8 method=java.util.HashMap.getNode(ILjava/lang/Object;)Ljava/util/HashMap$Node; @ 126 c2
Event: 1.816 Thread 0x00000166917d7800 Uncommon trap: reason=class_check action=maybe_recompile pc=0x00000166a09cca80 method=java.util.HashMap.putVal(ILjava/lang/Object;Ljava/lang/Object;ZZ)Ljava/lang/Object; @ 203 c2
Event: 1.817 Thread 0x00000166917d7800 Uncommon trap: reason=class_check action=maybe_recompile pc=0x00000166a09cca80 method=java.util.HashMap.putVal(ILjava/lang/Object;Ljava/lang/Object;ZZ)Ljava/lang/Object; @ 203 c2
Event: 1.820 Thread 0x00000166917d7800 Uncommon trap: reason=bimorphic_or_optimized_type_check action=maybe_recompile pc=0x00000166a09d17b8 method=java.util.HashMap.getNode(ILjava/lang/Object;)Ljava/util/HashMap$Node; @ 126 c2
Event: 1.820 Thread 0x00000166917d7800 Uncommon trap: reason=bimorphic_or_optimized_type_check action=maybe_recompile pc=0x00000166a09cae14 method=java.util.HashMap.getNode(ILjava/lang/Object;)Ljava/util/HashMap$Node; @ 126 c2

Classes redefined (0 events):
No events

Internal exceptions (10 events):
Event: 1.587 Thread 0x00000166917d7800 Exception <a 'java/lang/NoSuchMethodError'{0x000000008896d308}: java.lang.invoke.DirectMethodHandle$Holder.invokeStatic(Ljava/lang/Object;Ljava/lang/Object;Ljava/lang/Object;Ljava/lang/Object;)V> (0x000000008896d308) thrown at [./open/src/hotspot/share/in
Event: 1.669 Thread 0x00000166917d7800 Exception <a 'java/lang/NoClassDefFoundError'{0x0000000088348128}: org/slf4j/impl/StaticLoggerBinder> (0x0000000088348128) thrown at [./open/src/hotspot/share/classfile/systemDictionary.cpp, line 215]
Event: 1.685 Thread 0x00000166917d7800 Exception <a 'java/lang/NoClassDefFoundError'{0x0000000088233a80}> (0x0000000088233a80) thrown at [./open/src/hotspot/share/oops/instanceKlass.cpp, line 1024]
Event: 1.686 Thread 0x00000166917d7800 Exception <a 'java/lang/NoClassDefFoundError'{0x0000000088256eb8}: org/apache/logging/log4j/spi/ExtendedLoggerWrapper> (0x0000000088256eb8) thrown at [./open/src/hotspot/share/classfile/systemDictionary.cpp, line 215]
Event: 1.688 Thread 0x00000166917d7800 Exception <a 'java/lang/NoClassDefFoundError'{0x00000000882784a0}: org/apache/log4j/Priority> (0x00000000882784a0) thrown at [./open/src/hotspot/share/classfile/systemDictionary.cpp, line 215]
Event: 1.751 Thread 0x00000166917d7800 Exception <a 'java/lang/NoSuchMethodError'{0x00000000896b63e8}: java.lang.invoke.DirectMethodHandle$Holder.invokeStaticInit(Ljava/lang/Object;Ljava/lang/Object;Ljava/lang/Object;)Ljava/lang/Object;> (0x00000000896b63e8) thrown at [./open/src/hotspot/share
Event: 1.757 Thread 0x00000166917d7800 Exception <a 'java/lang/NoSuchMethodError'{0x00000000896e1340}: java.lang.invoke.DirectMethodHandle$Holder.invokeSpecialIFC(Ljava/lang/Object;Ljava/lang/Object;I)I> (0x00000000896e1340) thrown at [./open/src/hotspot/share/interpreter/linkResolver.cpp, lin
Event: 1.868 Thread 0x00000166917d7800 Exception <a 'sun/nio/fs/WindowsException'{0x0000000089071280}> (0x0000000089071280) thrown at [./open/src/hotspot/share/prims/jni.cpp, line 611]
Event: 1.878 Thread 0x00000166917d7800 Exception <a 'java/lang/NoSuchMethodError'{0x0000000089091308}: java.lang.invoke.DirectMethodHandle$Holder.invokeStaticInit(Ljava/lang/Object;Ljava/lang/Object;Ljava/lang/Object;Ljava/lang/Object;)I> (0x0000000089091308) thrown at [./open/src/hotspot/shar
Event: 1.879 Thread 0x00000166917d7800 Exception <a 'java/lang/IncompatibleClassChangeError'{0x000000008909a138}: Found class java.lang.Object, but interface was expected> (0x000000008909a138) thrown at [./open/src/hotspot/share/interpreter/linkResolver.cpp, line 838]

Events (10 events):
Event: 1.880 loading class java/util/stream/ForEachOps$ForEachOp
Event: 1.880 loading class java/util/stream/ForEachOps$ForEachOp done
Event: 1.880 loading class java/util/stream/ForEachOps$ForEachOp$OfRef done
Event: 1.881 Executing VM operation: RevokeBias
Event: 1.881 Executing VM operation: RevokeBias done
Event: 1.881 Executing VM operation: RevokeBias
Event: 1.881 Executing VM operation: RevokeBias done
Event: 1.881 loading class io/netty/util/internal/shaded/org/jctools/queues/LinkedArrayQueueUtil
Event: 1.881 loading class io/netty/util/internal/shaded/org/jctools/queues/LinkedArrayQueueUtil done
Event: 1.882 Executing VM operation: RevokeBias


Dynamic libraries:
0x00007ff71eb50000 - 0x00007ff71eb60000 	C:\Program Files\Java\jdk-11\bin\java.exe
0x00007ffa90570000 - 0x00007ffa90768000 	C:\Windows\SYSTEM32\ntdll.dll
0x00007ffa8fdb0000 - 0x00007ffa8fe6f000 	C:\Windows\System32\KERNEL32.DLL
0x00007ffa8e0c0000 - 0x00007ffa8e3b6000 	C:\Windows\System32\KERNELBASE.dll
0x00007ffa8e4d0000 - 0x00007ffa8e5d0000 	C:\Windows\System32\ucrtbase.dll
0x00007ffa76bb0000 - 0x00007ffa76bc8000 	C:\Program Files\Java\jdk-11\bin\jli.dll
0x00007ffa76a70000 - 0x00007ffa76a8b000 	C:\Program Files\Java\jdk-11\bin\VCRUNTIME140.dll
0x00007ffa8fe70000 - 0x00007ffa8ff1f000 	C:\Windows\System32\ADVAPI32.dll
0x00007ffa90390000 - 0x00007ffa9042e000 	C:\Windows\System32\msvcrt.dll
0x00007ffa8e6f0000 - 0x00007ffa8e78c000 	C:\Windows\System32\sechost.dll
0x00007ffa8e9d0000 - 0x00007ffa8eaf6000 	C:\Windows\System32\RPCRT4.dll
0x00007ffa901e0000 - 0x00007ffa9037d000 	C:\Windows\System32\USER32.dll
0x00007ffa8e090000 - 0x00007ffa8e0b2000 	C:\Windows\System32\win32u.dll
0x00007ffa8d030000 - 0x00007ffa8d2ca000 	C:\Windows\WinSxS\amd64_microsoft.windows.common-controls_6595b64144ccf1df_6.0.19041.1110_none_60b5254171f9507e\COMCTL32.dll
0x00007ffa8ecb0000 - 0x00007ffa8ecdc000 	C:\Windows\System32\GDI32.dll
0x00007ffa8dec0000 - 0x00007ffa8dfd5000 	C:\Windows\System32\gdi32full.dll
0x00007ffa8ddb0000 - 0x00007ffa8de4d000 	C:\Windows\System32\msvcp_win.dll
0x00007ffa85aa0000 - 0x00007ffa85aaa000 	C:\Windows\SYSTEM32\VERSION.dll
0x00007ffa8fff0000 - 0x00007ffa90020000 	C:\Windows\System32\IMM32.DLL
0x00007ffa79760000 - 0x00007ffa7976c000 	C:\Program Files\Java\jdk-11\bin\vcruntime140_1.dll
0x00007ffa76840000 - 0x00007ffa768ce000 	C:\Program Files\Java\jdk-11\bin\msvcp140.dll
0x00007ffa52150000 - 0x00007ffa52cb8000 	C:\Program Files\Java\jdk-11\bin\server\jvm.dll
0x00007ffa8fda0000 - 0x00007ffa8fda8000 	C:\Windows\System32\PSAPI.DLL
0x00007ffa767e0000 - 0x00007ffa767e9000 	C:\Windows\SYSTEM32\WSOCK32.dll
0x00007ffa797d0000 - 0x00007ffa797f7000 	C:\Windows\SYSTEM32\WINMM.dll
0x00007ffa8ff20000 - 0x00007ffa8ff8b000 	C:\Windows\System32\WS2_32.dll
0x00007ffa8be20000 - 0x00007ffa8be32000 	C:\Windows\SYSTEM32\kernel.appcore.dll
0x00007ffa794d0000 - 0x00007ffa794e0000 	C:\Program Files\Java\jdk-11\bin\verify.dll
0x00007ffa8d660000 - 0x00007ffa8d844000 	C:\Windows\SYSTEM32\DBGHELP.DLL
0x00007ffa8d400000 - 0x00007ffa8d434000 	C:\Windows\SYSTEM32\dbgcore.DLL
0x00007ffa8e440000 - 0x00007ffa8e4c2000 	C:\Windows\System32\bcryptPrimitives.dll
0x00007ffa769f0000 - 0x00007ffa76a18000 	C:\Program Files\Java\jdk-11\bin\java.dll
0x00007ffa773d0000 - 0x00007ffa773da000 	C:\Program Files\Java\jdk-11\bin\jimage.dll
0x00007ffa86890000 - 0x00007ffa8689e000 	C:\Program Files\Java\jdk-11\bin\instrument.dll
0x00007ffa76a50000 - 0x00007ffa76a67000 	C:\Program Files\Java\jdk-11\bin\zip.dll
0x00007ffa8f4c0000 - 0x00007ffa8fc04000 	C:\Windows\System32\SHELL32.dll
0x00007ffa8af20000 - 0x00007ffa8b6b4000 	C:\Windows\SYSTEM32\windows.storage.dll
0x00007ffa8ece0000 - 0x00007ffa8f034000 	C:\Windows\System32\combase.dll
0x00007ffa8cf90000 - 0x00007ffa8cfbe000 	C:\Windows\SYSTEM32\Wldp.dll
0x00007ffa8e790000 - 0x00007ffa8e83d000 	C:\Windows\System32\SHCORE.dll
0x00007ffa8fd40000 - 0x00007ffa8fd95000 	C:\Windows\System32\shlwapi.dll
0x00007ffa8db80000 - 0x00007ffa8dba5000 	C:\Windows\SYSTEM32\profapi.dll
0x00007ffa769d0000 - 0x00007ffa769e9000 	C:\Program Files\Java\jdk-11\bin\net.dll
0x00007ffa82d60000 - 0x00007ffa82e6a000 	C:\Windows\SYSTEM32\WINHTTP.dll
0x00007ffa8ce60000 - 0x00007ffa8ceca000 	C:\Windows\system32\mswsock.dll
0x00007ffa76970000 - 0x00007ffa76982000 	C:\Program Files\Java\jdk-11\bin\nio.dll
0x00007ffa7a270000 - 0x00007ffa7a28a000 	C:\Program Files\JetBrains\IntelliJ IDEA Community Edition 2023.2.1\bin\breakgen64.dll
0x00007ffa8ca20000 - 0x00007ffa8caea000 	C:\Windows\SYSTEM32\DNSAPI.dll
0x00007ffa8c9e0000 - 0x00007ffa8ca1c000 	C:\Windows\SYSTEM32\IPHLPAPI.DLL
0x00007ffa8f4b0000 - 0x00007ffa8f4b8000 	C:\Windows\System32\NSI.dll
0x0000000064630000 - 0x0000000064656000 	C:\Program Files\Bonjour\mdnsNSP.dll
0x00007ffa7b930000 - 0x00007ffa7b93a000 	C:\Windows\System32\rasadhlp.dll
0x00007ffa7b9b0000 - 0x00007ffa7ba32000 	C:\Windows\System32\fwpuclnt.dll
0x00007ffa8e410000 - 0x00007ffa8e437000 	C:\Windows\System32\bcrypt.dll
0x00007ffa8d9c0000 - 0x00007ffa8d9d8000 	C:\Windows\SYSTEM32\CRYPTSP.dll
0x00007ffa8c670000 - 0x00007ffa8c6a4000 	C:\Windows\system32\rsaenh.dll
0x00007ffa8db40000 - 0x00007ffa8db6e000 	C:\Windows\SYSTEM32\USERENV.dll
0x00007ffa8cf50000 - 0x00007ffa8cf5c000 	C:\Windows\SYSTEM32\CRYPTBASE.dll
0x00007ffa83030000 - 0x00007ffa83047000 	C:\Windows\SYSTEM32\dhcpcsvc6.DLL
0x00007ffa83ef0000 - 0x00007ffa83f0d000 	C:\Windows\SYSTEM32\dhcpcsvc.DLL
0x00007ffa8a480000 - 0x00007ffa8a511000 	C:\Windows\system32\apphelp.dll
0x00007ffa86880000 - 0x00007ffa86889000 	C:\Program Files\Java\jdk-11\bin\management.dll
0x00007ffa7a260000 - 0x00007ffa7a26b000 	C:\Program Files\Java\jdk-11\bin\management_ext.dll
0x00007ffa73dd0000 - 0x00007ffa73df7000 	C:\Program Files\Java\jdk-11\bin\sunec.dll

dbghelp: loaded successfully - version: 4.0.5 - missing functions: none
symbol engine: initialized successfully - sym options: 0x614 - pdb path: .;C:\Program Files\Java\jdk-11\bin;C:\Windows\SYSTEM32;C:\Windows\WinSxS\amd64_microsoft.windows.common-controls_6595b64144ccf1df_6.0.19041.1110_none_60b5254171f9507e;C:\Program Files\Java\jdk-11\bin\server;C:\Program Files\JetBrains\IntelliJ IDEA Community Edition 2023.2.1\bin;C:\Program Files\Bonjour

VM Arguments:
jvm_args: -javaagent:C:\Program Files\JetBrains\IntelliJ IDEA Community Edition 2023.2.1\lib\idea_rt.jar=51145:C:\Program Files\JetBrains\IntelliJ IDEA Community Edition 2023.2.1\bin -Dfile.encoding=UTF-8 
java_command: tek.Scenarios.UserStory3
java_class_path (initial): C:\Users\Lenovo\IdeaProjects\knights-selenium-project\target\test-classes;C:\Users\Lenovo\IdeaProjects\knights-selenium-project\target\classes;C:\Users\Lenovo\.m2\repository\org\seleniumhq\selenium\selenium-java\4.11.0\selenium-java-4.11.0.jar;C:\Users\Lenovo\.m2\repository\org\seleniumhq\selenium\selenium-api\4.11.0\selenium-api-4.11.0.jar;C:\Users\Lenovo\.m2\repository\org\seleniumhq\selenium\selenium-chrome-driver\4.11.0\selenium-chrome-driver-4.11.0.jar;C:\Users\Lenovo\.m2\repository\com\google\auto\service\auto-service-annotations\1.0.1\auto-service-annotations-1.0.1.jar;C:\Users\Lenovo\.m2\repository\com\google\guava\guava\31.1-jre\guava-31.1-jre.jar;C:\Users\Lenovo\.m2\repository\com\google\guava\failureaccess\1.0.1\failureaccess-1.0.1.jar;C:\Users\Lenovo\.m2\repository\com\google\guava\listenablefuture\9999.0-empty-to-avoid-conflict-with-guava\listenablefuture-9999.0-empty-to-avoid-conflict-with-guava.jar;C:\Users\Lenovo\.m2\repository\com\google\code\findbugs\jsr305\3.0.2\jsr305-3.0.2.jar;C:\Users\Lenovo\.m2\repository\org\checkerframework\checker-qual\3.12.0\checker-qual-3.12.0.jar;C:\Users\Lenovo\.m2\repository\com\google\errorprone\error_prone_annotations\2.11.0\error_prone_annotations-2.11.0.jar;C:\Users\Lenovo\.m2\repository\com\google\j2objc\j2objc-annotations\1.3\j2objc-annotations-1.3.jar;C:\Users\Lenovo\.m2\repository\org\seleniumhq\selenium\selenium-chromium-driver\4.11.0\selenium-chromium-driver-4.11.0.jar;C:\Users\Lenovo\.m2\repository\org\seleniumhq\selenium\selenium-json\4.11.0\selenium-json-4.11.0.jar;C:\Users\Lenovo\.m2\repository\org\seleniumhq\selenium\selenium-manager\4.11.0\selenium-manager-4.11.0.jar;C:\Users\Lenovo\.m2\repository\org\seleniumhq\selenium\selenium-devtools-v113\4.11.0\selenium-devtools-v113-4.11.0.jar;C:\Users\Lenovo\.m2\repository\org\seleniumhq\selenium\selenium-devtools-v114\4.11.0\selenium-devtools-v114-4.11.0.jar;C:\Users\Lenovo\.m2\repository\org\seleniumhq\selenium\selenium-devtools-v1
Launcher Type: SUN_STANDARD

[Global flags]
     intx CICompilerCount                          = 4                                         {product} {ergonomic}
     uint ConcGCThreads                            = 2                                         {product} {ergonomic}
     uint G1ConcRefinementThreads                  = 8                                         {product} {ergonomic}
   size_t G1HeapRegionSize                         = 1048576                                   {product} {ergonomic}
    uintx GCDrainStackTargetSize                   = 64                                        {product} {ergonomic}
   size_t InitialHeapSize                          = 134217728                                 {product} {ergonomic}
   size_t MarkStackSize                            = 4194304                                   {product} {ergonomic}
   size_t MaxHeapSize                              = 2122317824                                {product} {ergonomic}
   size_t MaxNewSize                               = 1272971264                                {product} {ergonomic}
   size_t MinHeapDeltaBytes                        = 1048576                                   {product} {ergonomic}
    uintx NonNMethodCodeHeapSize                   = 5836300                                {pd product} {ergonomic}
    uintx NonProfiledCodeHeapSize                  = 122910970                              {pd product} {ergonomic}
    uintx ProfiledCodeHeapSize                     = 122910970                              {pd product} {ergonomic}
    uintx ReservedCodeCacheSize                    = 251658240                              {pd product} {ergonomic}
     bool SegmentedCodeCache                       = true                                      {product} {ergonomic}
     bool UseCompressedClassPointers               = true                                 {lp64_product} {ergonomic}
     bool UseCompressedOops                        = true                                 {lp64_product} {ergonomic}
     bool UseG1GC                                  = true                                      {product} {ergonomic}
     bool UseLargePagesIndividualAllocation        = false                                  {pd product} {ergonomic}

Logging:
Log output configuration:
 #0: stdout all=warning uptime,level,tags
 #1: stderr all=off uptime,level,tags

Environment Variables:
PATH=C:\Program Files\Common Files\Oracle\Java\javapath;C:\Windows\system32;C:\Windows;C:\Windows\System32\Wbem;C:\Windows\System32\WindowsPowerShell\v1.0\;C:\Windows\System32\OpenSSH\;C:\apache-maven-3.9.4-bin\apache-maven-3.9.4\bin;C:\Users\Lenovo\AppData\Local\Microsoft\WindowsApps;;C:\Program Files\JetBrains\IntelliJ IDEA Community Edition 2023.2.1\bin;
USERNAME=Lenovo
OS=Windows_NT
PROCESSOR_IDENTIFIER=Intel64 Family 6 Model 142 Stepping 10, GenuineIntel



---------------  S Y S T E M  ---------------

OS: Windows 10 , 64 bit Build 19041 (10.0.19041.3155)

CPU:total 8 (initial active 8) (4 cores per cpu, 2 threads per core) family 6 model 142 stepping 10 microcode 0xec, cmov, cx8, fxsr, mmx, sse, sse2, sse3, ssse3, sse4.1, sse4.2, popcnt, avx, avx2, clmul, erms, 3dnowpref, lzcnt, ht, tsc, tscinvbit, bmi1, bmi2, adx, fma

Memory: 4k page, system-wide physical 8088M (1688M free)
TotalPageFile size 12952M (AvailPageFile size 4718M)
current process WorkingSet (physical memory assigned to process): 90M, peak: 90M
current process commit charge ("private bytes"): 231M, peak: 231M

vm_info: Java HotSpot(TM) 64-Bit Server VM (11.0.18+9-LTS-195) for windows-amd64 JRE (11.0.18+9-LTS-195), built on Dec  6 2022 15:50:58 by "mach5one" with MS VC++ 17.1 (VS2022)

END.
