#
# A fatal error has been detected by the Java Runtime Environment:
#
#  EXCEPTION_ACCESS_VIOLATION (0xc0000005) at pc=0x00007ffe97a41603, pid=16328, tid=16996
#
# JRE version: Java(TM) SE Runtime Environment 18.9 (11.0.18+9) (build 11.0.18+9-LTS-195)
# Java VM: Java HotSpot(TM) 64-Bit Server VM 18.9 (11.0.18+9-LTS-195, mixed mode, tiered, compressed oops, g1 gc, windows-amd64)
# Problematic frame:
# V  [jvm.dll+0x331603]
#
# No core dump will be written. Minidumps are not enabled by default on client versions of Windows
#
# If you would like to submit a bug report, please visit:
#   https://bugreport.java.com/bugreport/crash.jsp
#

---------------  S U M M A R Y ------------

Command Line: -javaagent:C:\Program Files\JetBrains\IntelliJ IDEA Community Edition 2023.2.1\lib\idea_rt.jar=49251:C:\Program Files\JetBrains\IntelliJ IDEA Community Edition 2023.2.1\bin -Dfile.encoding=UTF-8 tek.selenium.week_1.Locators

Host: Intel(R) Core(TM) i7-8550U CPU @ 1.80GHz, 8 cores, 7G,  Windows 10 , 64 bit Build 19041 (10.0.19041.3155)
Time: Sun Sep 10 00:42:36 2023 Mountain Daylight Time elapsed time: 0.379954 seconds (0d 0h 0m 0s)

---------------  T H R E A D  ---------------

Current thread (0x000001e771f15000):  JavaThread "C2 CompilerThread1" daemon [_thread_in_native, id=16996, stack(0x000000a8bb600000,0x000000a8bb700000)]


Current CompileTask:
C2:    380  558       4       java.lang.StringLatin1::replace (196 bytes)

Stack: [0x000000a8bb600000,0x000000a8bb700000],  sp=0x000000a8bb6fb9e0,  free space=1006k
Native frames: (J=compiled Java code, j=interpreted, Vv=VM code, C=native code)
V  [jvm.dll+0x331603]
V  [jvm.dll+0x32e748]
V  [jvm.dll+0x32defa]
V  [jvm.dll+0x2113ad]
V  [jvm.dll+0x210378]
V  [jvm.dll+0x18c641]
V  [jvm.dll+0x220609]
V  [jvm.dll+0x21e92c]
V  [jvm.dll+0x763f61]
V  [jvm.dll+0x75c924]
V  [jvm.dll+0x65c755]
C  [ucrtbase.dll+0x21bb2]
C  [KERNEL32.DLL+0x17614]
C  [ntdll.dll+0x526b1]


siginfo: EXCEPTION_ACCESS_VIOLATION (0xc0000005), reading address 0x0000000000000001


Register to memory mapping:

RIP=0x00007ffe97a41603 jvm.dll
RAX=0x000001e7728777e8 points into unknown readable memory: 0x00007ffe97efeba0 | a0 eb ef 97 fe 7f 00 00
RBX=0x0000000000000001 is an unknown value
RCX=0x000001e7728767b0 points into unknown readable memory: 0x00007ffe97ff1a10 | 10 1a ff 97 fe 7f 00 00
RDX=0x000001e7727ca5d4 points into unknown readable memory: 07 00 00 00
RSP=0x000000a8bb6fb9e0 is pointing into the stack for thread: 0x000001e771f15000
RBP=0x000000a8bb6fba40 is pointing into the stack for thread: 0x000001e771f15000
RSI=0x0000000000000007 is an unknown value
RDI=0x0 is NULL
R8 =0x0000000000000004 is an unknown value
R9 =0x000001e772882960 points into unknown readable memory: 0x000001e7728762d0 | d0 62 87 72 e7 01 00 00
R10=0x000001e772882968 points into unknown readable memory: 0x000001e7728766a0 | a0 66 87 72 e7 01 00 00
R11=0x0 is NULL
R12=0x000000a8bb6fbaf0 is pointing into the stack for thread: 0x000001e771f15000
R13=0x000001e77143b6d8 points into unknown readable memory: 0x000001e771eb3820 | 20 38 eb 71 e7 01 00 00
R14=0x000001e7728767b0 points into unknown readable memory: 0x00007ffe97ff1a10 | 10 1a ff 97 fe 7f 00 00
R15=0x000000a8bb6fbf50 is pointing into the stack for thread: 0x000001e771f15000


Registers:
RAX=0x000001e7728777e8, RBX=0x0000000000000001, RCX=0x000001e7728767b0, RDX=0x000001e7727ca5d4
RSP=0x000000a8bb6fb9e0, RBP=0x000000a8bb6fba40, RSI=0x0000000000000007, RDI=0x0000000000000000
R8 =0x0000000000000004, R9 =0x000001e772882960, R10=0x000001e772882968, R11=0x0000000000000000
R12=0x000000a8bb6fbaf0, R13=0x000001e77143b6d8, R14=0x000001e7728767b0, R15=0x000000a8bb6fbf50
RIP=0x00007ffe97a41603, EFLAGS=0x0000000000010202

Top of Stack: (sp=0x000000a8bb6fb9e0)
0x000000a8bb6fb9e0:   000000a8bb6fbf50 000001e7727c90d0
0x000000a8bb6fb9f0:   000000a8bb6fba40 000001e7728761f8
0x000000a8bb6fba00:   0000029c00000048 0000000000000000
0x000000a8bb6fba10:   000001e700000008 000001e7727c90d0
0x000000a8bb6fba20:   000001e771eb3830 00007ffe97fa07b8
0x000000a8bb6fba30:   000001e771f08cb0 000001e771eb3828
0x000000a8bb6fba40:   000000a8bb6fbb50 00007ffe97a3e748
0x000000a8bb6fba50:   0000000000000028 0000000000000028
0x000000a8bb6fba60:   000001e771f08cb0 000000a8bb6fbf50
0x000000a8bb6fba70:   00000000000003cd 000000a8bb6fc180
0x000000a8bb6fba80:   00000001bb6fc180 0000000000000000
0x000000a8bb6fba90:   000001e7729043cc 0000000000000000
0x000000a8bb6fbaa0:   000001e7725c5c68 000001e7727b89f0
0x000000a8bb6fbab0:   000000a8bb6fc180 0000000000000000
0x000000a8bb6fbac0:   000001e771f5b4b0 000001e7726c2020
0x000000a8bb6fbad0:   000001e7727b89f0 00007ffe979a2271 

Instructions: (pc=0x00007ffe97a41603)
0x00007ffe97a415e3:   1c 33 ff ff ce 41 3b 76 18 0f 82 40 01 00 00 49
0x00007ffe97a415f3:   8b 46 08 48 8b 1c f0 48 85 db 0f 84 8e 00 00 00
0x00007ffe97a41603:   48 8b 03 48 8b cb ff 50 20 48 85 c0 75 58 8b 4b
0x00007ffe97a41613:   2c 8b c1 24 3f 3c 20 75 09 48 8b 43 08 48 3b 18 


Stack slot to memory mapping:
stack at sp + 0 slots: 0x000000a8bb6fbf50 is pointing into the stack for thread: 0x000001e771f15000
stack at sp + 1 slots: 0x000001e7727c90d0 points into unknown readable memory: 0x000001e7727b8888 | 88 88 7b 72 e7 01 00 00
stack at sp + 2 slots: 0x000000a8bb6fba40 is pointing into the stack for thread: 0x000001e771f15000
stack at sp + 3 slots: 0x000001e7728761f8 points into unknown readable memory: 0x00007ffe97fecfd8 | d8 cf fe 97 fe 7f 00 00
stack at sp + 4 slots: 0x0000029c00000048 is an unknown value
stack at sp + 5 slots: 0x0 is NULL
stack at sp + 6 slots: 0x000001e700000008 is an unknown value
stack at sp + 7 slots: 0x000001e7727c90d0 points into unknown readable memory: 0x000001e7727b8888 | 88 88 7b 72 e7 01 00 00


---------------  P R O C E S S  ---------------

Threads class SMR info:
_java_thread_list=0x000001e771f8b090, length=12, elements={
0x000001e7514d7000, 0x000001e771424000, 0x000001e77142d000, 0x000001e771438800,
0x000001e77143a000, 0x000001e77143c000, 0x000001e771441800, 0x000001e771db0000,
0x000001e771db3000, 0x000001e7713b9000, 0x000001e771f15000, 0x000001e77221f000
}

Java Threads: ( => current thread )
  0x000001e7514d7000 JavaThread "main" [_thread_in_native, id=1400, stack(0x000000a8ba600000,0x000000a8ba700000)]
  0x000001e771424000 JavaThread "Reference Handler" daemon [_thread_blocked, id=16644, stack(0x000000a8bad00000,0x000000a8bae00000)]
  0x000001e77142d000 JavaThread "Finalizer" daemon [_thread_blocked, id=16964, stack(0x000000a8bae00000,0x000000a8baf00000)]
  0x000001e771438800 JavaThread "Signal Dispatcher" daemon [_thread_blocked, id=16992, stack(0x000000a8baf00000,0x000000a8bb000000)]
  0x000001e77143a000 JavaThread "Attach Listener" daemon [_thread_blocked, id=16020, stack(0x000000a8bb000000,0x000000a8bb100000)]
  0x000001e77143c000 JavaThread "Service Thread" daemon [_thread_blocked, id=16924, stack(0x000000a8bb100000,0x000000a8bb200000)]
  0x000001e771441800 JavaThread "C2 CompilerThread0" daemon [_thread_blocked, id=16968, stack(0x000000a8bb200000,0x000000a8bb300000)]
  0x000001e771db0000 JavaThread "C1 CompilerThread0" daemon [_thread_blocked, id=16948, stack(0x000000a8bb300000,0x000000a8bb400000)]
  0x000001e771db3000 JavaThread "Sweeper thread" daemon [_thread_blocked, id=10672, stack(0x000000a8bb400000,0x000000a8bb500000)]
  0x000001e7713b9000 JavaThread "Common-Cleaner" daemon [_thread_blocked, id=16912, stack(0x000000a8bb500000,0x000000a8bb600000)]
=>0x000001e771f15000 JavaThread "C2 CompilerThread1" daemon [_thread_in_native, id=16996, stack(0x000000a8bb600000,0x000000a8bb700000)]
  0x000001e77221f000 JavaThread "Monitor Ctrl-Break" daemon [_thread_in_native, id=16952, stack(0x000000a8bb700000,0x000000a8bb800000)]

Other Threads:
  0x000001e7713ff800 VMThread "VM Thread" [stack: 0x000000a8bac00000,0x000000a8bad00000] [id=16928]
  0x000001e77204e800 WatcherThread [stack: 0x000000a8bb800000,0x000000a8bb900000] [id=13876]
  0x000001e7514ed800 GCTaskThread "GC Thread#0" [stack: 0x000000a8ba700000,0x000000a8ba800000] [id=15948]
  0x000001e75151e800 ConcurrentGCThread "G1 Main Marker" [stack: 0x000000a8ba800000,0x000000a8ba900000] [id=12888]
  0x000001e751520000 ConcurrentGCThread "G1 Conc#0" [stack: 0x000000a8ba900000,0x000000a8baa00000] [id=6232]
  0x000001e771268800 ConcurrentGCThread "G1 Refine#0" [stack: 0x000000a8baa00000,0x000000a8bab00000] [id=8200]
  0x000001e771269000 ConcurrentGCThread "G1 Young RemSet Sampling" [stack: 0x000000a8bab00000,0x000000a8bac00000] [id=13328]

Threads with active compile tasks:
C2 CompilerThread1      450  558       4       java.lang.StringLatin1::replace (196 bytes)

VM state:not at safepoint (normal execution)

VM Mutex/Monitor currently owned by a thread: None

Heap address: 0x0000000081800000, size: 2024 MB, Compressed Oops mode: 32-bit
Narrow klass base: 0x0000000000000000, Narrow klass shift: 3
Compressed class space size: 1073741824 Address: 0x0000000100000000

Heap:
 garbage-first heap   total 131072K, used 11264K [0x0000000081800000, 0x0000000100000000)
  region size 1024K, 12 young (12288K), 0 survivors (0K)
 Metaspace       used 9314K, capacity 9464K, committed 9728K, reserved 1058816K
  class space    used 899K, capacity 949K, committed 1024K, reserved 1048576K
Heap Regions: E=young(eden), S=young(survivor), O=old, HS=humongous(starts), HC=humongous(continues), CS=collection set, F=free, A=archive, TAMS=top-at-mark-start (previous, next)
|   0|0x0000000081800000, 0x0000000081800000, 0x0000000081900000|  0%| F|  |TAMS 0x0000000081800000, 0x0000000081800000| Untracked 
|   1|0x0000000081900000, 0x0000000081900000, 0x0000000081a00000|  0%| F|  |TAMS 0x0000000081900000, 0x0000000081900000| Untracked 
|   2|0x0000000081a00000, 0x0000000081a00000, 0x0000000081b00000|  0%| F|  |TAMS 0x0000000081a00000, 0x0000000081a00000| Untracked 
|   3|0x0000000081b00000, 0x0000000081b00000, 0x0000000081c00000|  0%| F|  |TAMS 0x0000000081b00000, 0x0000000081b00000| Untracked 
|   4|0x0000000081c00000, 0x0000000081c00000, 0x0000000081d00000|  0%| F|  |TAMS 0x0000000081c00000, 0x0000000081c00000| Untracked 
|   5|0x0000000081d00000, 0x0000000081d00000, 0x0000000081e00000|  0%| F|  |TAMS 0x0000000081d00000, 0x0000000081d00000| Untracked 
|   6|0x0000000081e00000, 0x0000000081e00000, 0x0000000081f00000|  0%| F|  |TAMS 0x0000000081e00000, 0x0000000081e00000| Untracked 
|   7|0x0000000081f00000, 0x0000000081f00000, 0x0000000082000000|  0%| F|  |TAMS 0x0000000081f00000, 0x0000000081f00000| Untracked 
|   8|0x0000000082000000, 0x0000000082000000, 0x0000000082100000|  0%| F|  |TAMS 0x0000000082000000, 0x0000000082000000| Untracked 
|   9|0x0000000082100000, 0x0000000082100000, 0x0000000082200000|  0%| F|  |TAMS 0x0000000082100000, 0x0000000082100000| Untracked 
|  10|0x0000000082200000, 0x0000000082200000, 0x0000000082300000|  0%| F|  |TAMS 0x0000000082200000, 0x0000000082200000| Untracked 
|  11|0x0000000082300000, 0x0000000082300000, 0x0000000082400000|  0%| F|  |TAMS 0x0000000082300000, 0x0000000082300000| Untracked 
|  12|0x0000000082400000, 0x0000000082400000, 0x0000000082500000|  0%| F|  |TAMS 0x0000000082400000, 0x0000000082400000| Untracked 
|  13|0x0000000082500000, 0x0000000082500000, 0x0000000082600000|  0%| F|  |TAMS 0x0000000082500000, 0x0000000082500000| Untracked 
|  14|0x0000000082600000, 0x0000000082600000, 0x0000000082700000|  0%| F|  |TAMS 0x0000000082600000, 0x0000000082600000| Untracked 
|  15|0x0000000082700000, 0x0000000082700000, 0x0000000082800000|  0%| F|  |TAMS 0x0000000082700000, 0x0000000082700000| Untracked 
|  16|0x0000000082800000, 0x0000000082800000, 0x0000000082900000|  0%| F|  |TAMS 0x0000000082800000, 0x0000000082800000| Untracked 
|  17|0x0000000082900000, 0x0000000082900000, 0x0000000082a00000|  0%| F|  |TAMS 0x0000000082900000, 0x0000000082900000| Untracked 
|  18|0x0000000082a00000, 0x0000000082a00000, 0x0000000082b00000|  0%| F|  |TAMS 0x0000000082a00000, 0x0000000082a00000| Untracked 
|  19|0x0000000082b00000, 0x0000000082b00000, 0x0000000082c00000|  0%| F|  |TAMS 0x0000000082b00000, 0x0000000082b00000| Untracked 
|  20|0x0000000082c00000, 0x0000000082c00000, 0x0000000082d00000|  0%| F|  |TAMS 0x0000000082c00000, 0x0000000082c00000| Untracked 
|  21|0x0000000082d00000, 0x0000000082d00000, 0x0000000082e00000|  0%| F|  |TAMS 0x0000000082d00000, 0x0000000082d00000| Untracked 
|  22|0x0000000082e00000, 0x0000000082e00000, 0x0000000082f00000|  0%| F|  |TAMS 0x0000000082e00000, 0x0000000082e00000| Untracked 
|  23|0x0000000082f00000, 0x0000000082f00000, 0x0000000083000000|  0%| F|  |TAMS 0x0000000082f00000, 0x0000000082f00000| Untracked 
|  24|0x0000000083000000, 0x0000000083000000, 0x0000000083100000|  0%| F|  |TAMS 0x0000000083000000, 0x0000000083000000| Untracked 
|  25|0x0000000083100000, 0x0000000083100000, 0x0000000083200000|  0%| F|  |TAMS 0x0000000083100000, 0x0000000083100000| Untracked 
|  26|0x0000000083200000, 0x0000000083200000, 0x0000000083300000|  0%| F|  |TAMS 0x0000000083200000, 0x0000000083200000| Untracked 
|  27|0x0000000083300000, 0x0000000083300000, 0x0000000083400000|  0%| F|  |TAMS 0x0000000083300000, 0x0000000083300000| Untracked 
|  28|0x0000000083400000, 0x0000000083400000, 0x0000000083500000|  0%| F|  |TAMS 0x0000000083400000, 0x0000000083400000| Untracked 
|  29|0x0000000083500000, 0x0000000083500000, 0x0000000083600000|  0%| F|  |TAMS 0x0000000083500000, 0x0000000083500000| Untracked 
|  30|0x0000000083600000, 0x0000000083600000, 0x0000000083700000|  0%| F|  |TAMS 0x0000000083600000, 0x0000000083600000| Untracked 
|  31|0x0000000083700000, 0x0000000083700000, 0x0000000083800000|  0%| F|  |TAMS 0x0000000083700000, 0x0000000083700000| Untracked 
|  32|0x0000000083800000, 0x0000000083800000, 0x0000000083900000|  0%| F|  |TAMS 0x0000000083800000, 0x0000000083800000| Untracked 
|  33|0x0000000083900000, 0x0000000083900000, 0x0000000083a00000|  0%| F|  |TAMS 0x0000000083900000, 0x0000000083900000| Untracked 
|  34|0x0000000083a00000, 0x0000000083a00000, 0x0000000083b00000|  0%| F|  |TAMS 0x0000000083a00000, 0x0000000083a00000| Untracked 
|  35|0x0000000083b00000, 0x0000000083b00000, 0x0000000083c00000|  0%| F|  |TAMS 0x0000000083b00000, 0x0000000083b00000| Untracked 
|  36|0x0000000083c00000, 0x0000000083c00000, 0x0000000083d00000|  0%| F|  |TAMS 0x0000000083c00000, 0x0000000083c00000| Untracked 
|  37|0x0000000083d00000, 0x0000000083d00000, 0x0000000083e00000|  0%| F|  |TAMS 0x0000000083d00000, 0x0000000083d00000| Untracked 
|  38|0x0000000083e00000, 0x0000000083e00000, 0x0000000083f00000|  0%| F|  |TAMS 0x0000000083e00000, 0x0000000083e00000| Untracked 
|  39|0x0000000083f00000, 0x0000000083f00000, 0x0000000084000000|  0%| F|  |TAMS 0x0000000083f00000, 0x0000000083f00000| Untracked 
|  40|0x0000000084000000, 0x0000000084000000, 0x0000000084100000|  0%| F|  |TAMS 0x0000000084000000, 0x0000000084000000| Untracked 
|  41|0x0000000084100000, 0x0000000084100000, 0x0000000084200000|  0%| F|  |TAMS 0x0000000084100000, 0x0000000084100000| Untracked 
|  42|0x0000000084200000, 0x0000000084200000, 0x0000000084300000|  0%| F|  |TAMS 0x0000000084200000, 0x0000000084200000| Untracked 
|  43|0x0000000084300000, 0x0000000084300000, 0x0000000084400000|  0%| F|  |TAMS 0x0000000084300000, 0x0000000084300000| Untracked 
|  44|0x0000000084400000, 0x0000000084400000, 0x0000000084500000|  0%| F|  |TAMS 0x0000000084400000, 0x0000000084400000| Untracked 
|  45|0x0000000084500000, 0x0000000084500000, 0x0000000084600000|  0%| F|  |TAMS 0x0000000084500000, 0x0000000084500000| Untracked 
|  46|0x0000000084600000, 0x0000000084600000, 0x0000000084700000|  0%| F|  |TAMS 0x0000000084600000, 0x0000000084600000| Untracked 
|  47|0x0000000084700000, 0x0000000084700000, 0x0000000084800000|  0%| F|  |TAMS 0x0000000084700000, 0x0000000084700000| Untracked 
|  48|0x0000000084800000, 0x0000000084800000, 0x0000000084900000|  0%| F|  |TAMS 0x0000000084800000, 0x0000000084800000| Untracked 
|  49|0x0000000084900000, 0x0000000084900000, 0x0000000084a00000|  0%| F|  |TAMS 0x0000000084900000, 0x0000000084900000| Untracked 
|  50|0x0000000084a00000, 0x0000000084a00000, 0x0000000084b00000|  0%| F|  |TAMS 0x0000000084a00000, 0x0000000084a00000| Untracked 
|  51|0x0000000084b00000, 0x0000000084b00000, 0x0000000084c00000|  0%| F|  |TAMS 0x0000000084b00000, 0x0000000084b00000| Untracked 
|  52|0x0000000084c00000, 0x0000000084c00000, 0x0000000084d00000|  0%| F|  |TAMS 0x0000000084c00000, 0x0000000084c00000| Untracked 
|  53|0x0000000084d00000, 0x0000000084d00000, 0x0000000084e00000|  0%| F|  |TAMS 0x0000000084d00000, 0x0000000084d00000| Untracked 
|  54|0x0000000084e00000, 0x0000000084e00000, 0x0000000084f00000|  0%| F|  |TAMS 0x0000000084e00000, 0x0000000084e00000| Untracked 
|  55|0x0000000084f00000, 0x0000000084f00000, 0x0000000085000000|  0%| F|  |TAMS 0x0000000084f00000, 0x0000000084f00000| Untracked 
|  56|0x0000000085000000, 0x0000000085000000, 0x0000000085100000|  0%| F|  |TAMS 0x0000000085000000, 0x0000000085000000| Untracked 
|  57|0x0000000085100000, 0x0000000085100000, 0x0000000085200000|  0%| F|  |TAMS 0x0000000085100000, 0x0000000085100000| Untracked 
|  58|0x0000000085200000, 0x0000000085200000, 0x0000000085300000|  0%| F|  |TAMS 0x0000000085200000, 0x0000000085200000| Untracked 
|  59|0x0000000085300000, 0x0000000085300000, 0x0000000085400000|  0%| F|  |TAMS 0x0000000085300000, 0x0000000085300000| Untracked 
|  60|0x0000000085400000, 0x0000000085400000, 0x0000000085500000|  0%| F|  |TAMS 0x0000000085400000, 0x0000000085400000| Untracked 
|  61|0x0000000085500000, 0x0000000085500000, 0x0000000085600000|  0%| F|  |TAMS 0x0000000085500000, 0x0000000085500000| Untracked 
|  62|0x0000000085600000, 0x0000000085600000, 0x0000000085700000|  0%| F|  |TAMS 0x0000000085600000, 0x0000000085600000| Untracked 
|  63|0x0000000085700000, 0x0000000085700000, 0x0000000085800000|  0%| F|  |TAMS 0x0000000085700000, 0x0000000085700000| Untracked 
|  64|0x0000000085800000, 0x0000000085800000, 0x0000000085900000|  0%| F|  |TAMS 0x0000000085800000, 0x0000000085800000| Untracked 
|  65|0x0000000085900000, 0x0000000085900000, 0x0000000085a00000|  0%| F|  |TAMS 0x0000000085900000, 0x0000000085900000| Untracked 
|  66|0x0000000085a00000, 0x0000000085a00000, 0x0000000085b00000|  0%| F|  |TAMS 0x0000000085a00000, 0x0000000085a00000| Untracked 
|  67|0x0000000085b00000, 0x0000000085b00000, 0x0000000085c00000|  0%| F|  |TAMS 0x0000000085b00000, 0x0000000085b00000| Untracked 
|  68|0x0000000085c00000, 0x0000000085c00000, 0x0000000085d00000|  0%| F|  |TAMS 0x0000000085c00000, 0x0000000085c00000| Untracked 
|  69|0x0000000085d00000, 0x0000000085d00000, 0x0000000085e00000|  0%| F|  |TAMS 0x0000000085d00000, 0x0000000085d00000| Untracked 
|  70|0x0000000085e00000, 0x0000000085e00000, 0x0000000085f00000|  0%| F|  |TAMS 0x0000000085e00000, 0x0000000085e00000| Untracked 
|  71|0x0000000085f00000, 0x0000000085f00000, 0x0000000086000000|  0%| F|  |TAMS 0x0000000085f00000, 0x0000000085f00000| Untracked 
|  72|0x0000000086000000, 0x0000000086000000, 0x0000000086100000|  0%| F|  |TAMS 0x0000000086000000, 0x0000000086000000| Untracked 
|  73|0x0000000086100000, 0x0000000086100000, 0x0000000086200000|  0%| F|  |TAMS 0x0000000086100000, 0x0000000086100000| Untracked 
|  74|0x0000000086200000, 0x0000000086200000, 0x0000000086300000|  0%| F|  |TAMS 0x0000000086200000, 0x0000000086200000| Untracked 
|  75|0x0000000086300000, 0x0000000086300000, 0x0000000086400000|  0%| F|  |TAMS 0x0000000086300000, 0x0000000086300000| Untracked 
|  76|0x0000000086400000, 0x0000000086400000, 0x0000000086500000|  0%| F|  |TAMS 0x0000000086400000, 0x0000000086400000| Untracked 
|  77|0x0000000086500000, 0x0000000086500000, 0x0000000086600000|  0%| F|  |TAMS 0x0000000086500000, 0x0000000086500000| Untracked 
|  78|0x0000000086600000, 0x0000000086600000, 0x0000000086700000|  0%| F|  |TAMS 0x0000000086600000, 0x0000000086600000| Untracked 
|  79|0x0000000086700000, 0x0000000086700000, 0x0000000086800000|  0%| F|  |TAMS 0x0000000086700000, 0x0000000086700000| Untracked 
|  80|0x0000000086800000, 0x0000000086800000, 0x0000000086900000|  0%| F|  |TAMS 0x0000000086800000, 0x0000000086800000| Untracked 
|  81|0x0000000086900000, 0x0000000086900000, 0x0000000086a00000|  0%| F|  |TAMS 0x0000000086900000, 0x0000000086900000| Untracked 
|  82|0x0000000086a00000, 0x0000000086a00000, 0x0000000086b00000|  0%| F|  |TAMS 0x0000000086a00000, 0x0000000086a00000| Untracked 
|  83|0x0000000086b00000, 0x0000000086b00000, 0x0000000086c00000|  0%| F|  |TAMS 0x0000000086b00000, 0x0000000086b00000| Untracked 
|  84|0x0000000086c00000, 0x0000000086c00000, 0x0000000086d00000|  0%| F|  |TAMS 0x0000000086c00000, 0x0000000086c00000| Untracked 
|  85|0x0000000086d00000, 0x0000000086d00000, 0x0000000086e00000|  0%| F|  |TAMS 0x0000000086d00000, 0x0000000086d00000| Untracked 
|  86|0x0000000086e00000, 0x0000000086e00000, 0x0000000086f00000|  0%| F|  |TAMS 0x0000000086e00000, 0x0000000086e00000| Untracked 
|  87|0x0000000086f00000, 0x0000000086f00000, 0x0000000087000000|  0%| F|  |TAMS 0x0000000086f00000, 0x0000000086f00000| Untracked 
|  88|0x0000000087000000, 0x0000000087000000, 0x0000000087100000|  0%| F|  |TAMS 0x0000000087000000, 0x0000000087000000| Untracked 
|  89|0x0000000087100000, 0x0000000087100000, 0x0000000087200000|  0%| F|  |TAMS 0x0000000087100000, 0x0000000087100000| Untracked 
|  90|0x0000000087200000, 0x0000000087200000, 0x0000000087300000|  0%| F|  |TAMS 0x0000000087200000, 0x0000000087200000| Untracked 
|  91|0x0000000087300000, 0x0000000087300000, 0x0000000087400000|  0%| F|  |TAMS 0x0000000087300000, 0x0000000087300000| Untracked 
|  92|0x0000000087400000, 0x0000000087400000, 0x0000000087500000|  0%| F|  |TAMS 0x0000000087400000, 0x0000000087400000| Untracked 
|  93|0x0000000087500000, 0x0000000087500000, 0x0000000087600000|  0%| F|  |TAMS 0x0000000087500000, 0x0000000087500000| Untracked 
|  94|0x0000000087600000, 0x0000000087600000, 0x0000000087700000|  0%| F|  |TAMS 0x0000000087600000, 0x0000000087600000| Untracked 
|  95|0x0000000087700000, 0x0000000087700000, 0x0000000087800000|  0%| F|  |TAMS 0x0000000087700000, 0x0000000087700000| Untracked 
|  96|0x0000000087800000, 0x0000000087800000, 0x0000000087900000|  0%| F|  |TAMS 0x0000000087800000, 0x0000000087800000| Untracked 
|  97|0x0000000087900000, 0x0000000087900000, 0x0000000087a00000|  0%| F|  |TAMS 0x0000000087900000, 0x0000000087900000| Untracked 
|  98|0x0000000087a00000, 0x0000000087a00000, 0x0000000087b00000|  0%| F|  |TAMS 0x0000000087a00000, 0x0000000087a00000| Untracked 
|  99|0x0000000087b00000, 0x0000000087b00000, 0x0000000087c00000|  0%| F|  |TAMS 0x0000000087b00000, 0x0000000087b00000| Untracked 
| 100|0x0000000087c00000, 0x0000000087c00000, 0x0000000087d00000|  0%| F|  |TAMS 0x0000000087c00000, 0x0000000087c00000| Untracked 
| 101|0x0000000087d00000, 0x0000000087d00000, 0x0000000087e00000|  0%| F|  |TAMS 0x0000000087d00000, 0x0000000087d00000| Untracked 
| 102|0x0000000087e00000, 0x0000000087e00000, 0x0000000087f00000|  0%| F|  |TAMS 0x0000000087e00000, 0x0000000087e00000| Untracked 
| 103|0x0000000087f00000, 0x0000000087f00000, 0x0000000088000000|  0%| F|  |TAMS 0x0000000087f00000, 0x0000000087f00000| Untracked 
| 104|0x0000000088000000, 0x0000000088000000, 0x0000000088100000|  0%| F|  |TAMS 0x0000000088000000, 0x0000000088000000| Untracked 
| 105|0x0000000088100000, 0x0000000088100000, 0x0000000088200000|  0%| F|  |TAMS 0x0000000088100000, 0x0000000088100000| Untracked 
| 106|0x0000000088200000, 0x0000000088200000, 0x0000000088300000|  0%| F|  |TAMS 0x0000000088200000, 0x0000000088200000| Untracked 
| 107|0x0000000088300000, 0x0000000088300000, 0x0000000088400000|  0%| F|  |TAMS 0x0000000088300000, 0x0000000088300000| Untracked 
| 108|0x0000000088400000, 0x0000000088400000, 0x0000000088500000|  0%| F|  |TAMS 0x0000000088400000, 0x0000000088400000| Untracked 
| 109|0x0000000088500000, 0x0000000088500000, 0x0000000088600000|  0%| F|  |TAMS 0x0000000088500000, 0x0000000088500000| Untracked 
| 110|0x0000000088600000, 0x0000000088600000, 0x0000000088700000|  0%| F|  |TAMS 0x0000000088600000, 0x0000000088600000| Untracked 
| 111|0x0000000088700000, 0x0000000088700000, 0x0000000088800000|  0%| F|  |TAMS 0x0000000088700000, 0x0000000088700000| Untracked 
| 112|0x0000000088800000, 0x0000000088800000, 0x0000000088900000|  0%| F|  |TAMS 0x0000000088800000, 0x0000000088800000| Untracked 
| 113|0x0000000088900000, 0x0000000088900000, 0x0000000088a00000|  0%| F|  |TAMS 0x0000000088900000, 0x0000000088900000| Untracked 
| 114|0x0000000088a00000, 0x0000000088a00000, 0x0000000088b00000|  0%| F|  |TAMS 0x0000000088a00000, 0x0000000088a00000| Untracked 
| 115|0x0000000088b00000, 0x0000000088b00000, 0x0000000088c00000|  0%| F|  |TAMS 0x0000000088b00000, 0x0000000088b00000| Untracked 
| 116|0x0000000088c00000, 0x0000000088c7ba20, 0x0000000088d00000| 48%| E|  |TAMS 0x0000000088c00000, 0x0000000088c00000| Complete 
| 117|0x0000000088d00000, 0x0000000088e00000, 0x0000000088e00000|100%| E|CS|TAMS 0x0000000088d00000, 0x0000000088d00000| Complete 
| 118|0x0000000088e00000, 0x0000000088f00000, 0x0000000088f00000|100%| E|CS|TAMS 0x0000000088e00000, 0x0000000088e00000| Complete 
| 119|0x0000000088f00000, 0x0000000089000000, 0x0000000089000000|100%| E|CS|TAMS 0x0000000088f00000, 0x0000000088f00000| Complete 
| 120|0x0000000089000000, 0x0000000089100000, 0x0000000089100000|100%| E|CS|TAMS 0x0000000089000000, 0x0000000089000000| Complete 
| 121|0x0000000089100000, 0x0000000089200000, 0x0000000089200000|100%| E|CS|TAMS 0x0000000089100000, 0x0000000089100000| Complete 
| 122|0x0000000089200000, 0x0000000089300000, 0x0000000089300000|100%| E|CS|TAMS 0x0000000089200000, 0x0000000089200000| Complete 
| 123|0x0000000089300000, 0x0000000089400000, 0x0000000089400000|100%| E|CS|TAMS 0x0000000089300000, 0x0000000089300000| Complete 
| 124|0x0000000089400000, 0x0000000089500000, 0x0000000089500000|100%| E|CS|TAMS 0x0000000089400000, 0x0000000089400000| Complete 
| 125|0x0000000089500000, 0x0000000089600000, 0x0000000089600000|100%| E|CS|TAMS 0x0000000089500000, 0x0000000089500000| Complete 
| 126|0x0000000089600000, 0x0000000089700000, 0x0000000089700000|100%| E|CS|TAMS 0x0000000089600000, 0x0000000089600000| Complete 
| 127|0x0000000089700000, 0x0000000089800000, 0x0000000089800000|100%| E|CS|TAMS 0x0000000089700000, 0x0000000089700000| Complete 

Card table byte_map: [0x000001e76a200000,0x000001e76a600000] _byte_map_base: 0x000001e769df4000

Marking Bits (Prev, Next): (CMBitMap*) 0x000001e751515cd8, (CMBitMap*) 0x000001e751515d10
 Prev Bits: [0x000001e76aa00000, 0x000001e76c9a0000)
 Next Bits: [0x000001e76c9a0000, 0x000001e76e940000)

Polling page: 0x000001e7515b0000

Metaspace:

Usage:
  Non-class:      8.32 MB capacity,     8.22 MB ( 99%) used,    89.00 KB (  1%) free+waste,    11.12 KB ( <1%) overhead. 
      Class:    949.00 KB capacity,   899.49 KB ( 95%) used,    43.70 KB (  5%) free+waste,     5.81 KB ( <1%) overhead. 
       Both:      9.24 MB capacity,     9.10 MB ( 98%) used,   132.70 KB (  1%) free+waste,    16.94 KB ( <1%) overhead. 

Virtual space:
  Non-class space:       10.00 MB reserved,       8.50 MB ( 85%) committed 
      Class space:        1.00 GB reserved,       1.00 MB ( <1%) committed 
             Both:        1.01 GB reserved,       9.50 MB ( <1%) committed 

Chunk freelists:
   Non-Class:  7.62 KB
       Class:  1.38 KB
        Both:  9.00 KB

CodeHeap 'non-profiled nmethods': size=120000Kb used=198Kb max_used=198Kb free=119801Kb
 bounds [0x000001e761e50000, 0x000001e7620c0000, 0x000001e769380000]
CodeHeap 'profiled nmethods': size=120000Kb used=1070Kb max_used=1070Kb free=118929Kb
 bounds [0x000001e75a920000, 0x000001e75ab90000, 0x000001e761e50000]
CodeHeap 'non-nmethods': size=5760Kb used=1074Kb max_used=1085Kb free=4685Kb
 bounds [0x000001e75a380000, 0x000001e75a5f0000, 0x000001e75a920000]
 total_blobs=1038 nmethods=663 adapters=287
 compilation: enabled
              stopped_count=0, restarted_count=0
 full_count=0

Compilation events (10 events):
Event: 0.365 Thread 0x000001e771db0000 nmethod 562 0x000001e75a9f8d10 code [0x000001e75a9f8ec0, 0x000001e75a9f91a8]
Event: 0.366 Thread 0x000001e771db0000  564   !   3       java.util.zip.InflaterInputStream::read (138 bytes)
Event: 0.367 Thread 0x000001e771db0000 nmethod 564 0x000001e75a9f9310 code [0x000001e75a9f95c0, 0x000001e75a9fa418]
Event: 0.367 Thread 0x000001e771db0000  565       3       java.util.zip.InflaterInputStream::ensureOpen (18 bytes)
Event: 0.367 Thread 0x000001e771db0000 nmethod 565 0x000001e75a9fa990 code [0x000001e75a9fab40, 0x000001e75a9fad48]
Event: 0.368 Thread 0x000001e771db0000  566       3       java.net.URL::<init> (8 bytes)
Event: 0.368 Thread 0x000001e771db0000 nmethod 566 0x000001e75a9fae10 code [0x000001e75a9fafc0, 0x000001e75a9fb0e8]
Event: 0.368 Thread 0x000001e771db0000  567   !   3       java.net.URL::<init> (543 bytes)
Event: 0.370 Thread 0x000001e771441800 nmethod 555 0x000001e761e7a890 code [0x000001e761e7aa20, 0x000001e761e7aed8]
Event: 0.370 Thread 0x000001e771441800  559       4       java.util.zip.ZipFile$Source::getEntryPos (206 bytes)

GC Heap History (0 events):
No events

Deoptimization events (10 events):
Event: 0.258 Thread 0x000001e7514d7000 Uncommon trap: reason=unstable_if action=reinterpret pc=0x000001e761e51070 method=java.lang.String.isLatin1()Z @ 10 c2
Event: 0.297 Thread 0x000001e7514d7000 Uncommon trap: reason=bimorphic_or_optimized_type_check action=maybe_recompile pc=0x000001e761e59914 method=java.util.AbstractCollection.isEmpty()Z @ 1 c2
Event: 0.297 Thread 0x000001e7514d7000 Uncommon trap: reason=bimorphic_or_optimized_type_check action=maybe_recompile pc=0x000001e761e59914 method=java.util.AbstractCollection.isEmpty()Z @ 1 c2
Event: 0.298 Thread 0x000001e7514d7000 Uncommon trap: reason=bimorphic_or_optimized_type_check action=maybe_recompile pc=0x000001e761e59914 method=java.util.AbstractCollection.isEmpty()Z @ 1 c2
Event: 0.299 Thread 0x000001e7514d7000 Uncommon trap: reason=bimorphic_or_optimized_type_check action=maybe_recompile pc=0x000001e761e59914 method=java.util.AbstractCollection.isEmpty()Z @ 1 c2
Event: 0.351 Thread 0x000001e7514d7000 Uncommon trap: reason=unstable_if action=reinterpret pc=0x000001e761e75c34 method=java.lang.String.startsWith(Ljava/lang/String;I)Z @ 14 c2
Event: 0.358 Thread 0x000001e7514d7000 Uncommon trap: reason=profile_predicate action=maybe_recompile pc=0x000001e761e77968 method=java.lang.StringLatin1.indexOf([BI[BII)I @ 18 c2
Event: 0.358 Thread 0x000001e7514d7000 Uncommon trap: reason=profile_predicate action=maybe_recompile pc=0x000001e761e77968 method=java.lang.StringLatin1.indexOf([BI[BII)I @ 18 c2
Event: 0.358 Thread 0x000001e7514d7000 Uncommon trap: reason=profile_predicate action=maybe_recompile pc=0x000001e761e77968 method=java.lang.StringLatin1.indexOf([BI[BII)I @ 18 c2
Event: 0.358 Thread 0x000001e7514d7000 Uncommon trap: reason=profile_predicate action=maybe_recompile pc=0x000001e761e77968 method=java.lang.StringLatin1.indexOf([BI[BII)I @ 18 c2

Classes redefined (0 events):
No events

Internal exceptions (1 events):
Event: 0.319 Thread 0x000001e7514d7000 Exception <a 'java/lang/NoSuchMethodError'{0x000000008905ab38}: java.lang.invoke.DirectMethodHandle$Holder.invokeStaticInit(Ljava/lang/Object;Ljava/lang/Object;)I> (0x000000008905ab38) thrown at [./open/src/hotspot/share/interpreter/linkResolver.cpp, line

Events (10 events):
Event: 0.367 loading class org/openqa/selenium/MutableCapabilities
Event: 0.367 loading class org/openqa/selenium/MutableCapabilities done
Event: 0.368 loading class org/openqa/selenium/remote/Browser
Event: 0.368 loading class org/openqa/selenium/remote/Browser done
Event: 0.369 loading class org/openqa/selenium/remote/Browser
Event: 0.369 loading class org/openqa/selenium/remote/Browser done
Event: 0.370 loading class org/openqa/selenium/remote/Browser$1
Event: 0.370 loading class org/openqa/selenium/remote/Browser$1 done
Event: 0.370 loading class org/openqa/selenium/remote/Browser
Event: 0.370 loading class org/openqa/selenium/remote/Browser done


Dynamic libraries:
0x00007ff7afc50000 - 0x00007ff7afc60000 	C:\Program Files\Java\jdk-11\bin\java.exe
0x00007ffef4f70000 - 0x00007ffef5168000 	C:\Windows\SYSTEM32\ntdll.dll
0x00007ffef4850000 - 0x00007ffef490f000 	C:\Windows\System32\KERNEL32.DLL
0x00007ffef2850000 - 0x00007ffef2b46000 	C:\Windows\System32\KERNELBASE.dll
0x00007ffef2df0000 - 0x00007ffef2ef0000 	C:\Windows\System32\ucrtbase.dll
0x00007ffec5420000 - 0x00007ffec543b000 	C:\Program Files\Java\jdk-11\bin\VCRUNTIME140.dll
0x00007ffeca710000 - 0x00007ffeca728000 	C:\Program Files\Java\jdk-11\bin\jli.dll
0x00007ffef3bf0000 - 0x00007ffef3c9f000 	C:\Windows\System32\ADVAPI32.dll
0x00007ffef4620000 - 0x00007ffef46be000 	C:\Windows\System32\msvcrt.dll
0x00007ffef3370000 - 0x00007ffef340c000 	C:\Windows\System32\sechost.dll
0x00007ffef46c0000 - 0x00007ffef47e6000 	C:\Windows\System32\RPCRT4.dll
0x00007ffef2fd0000 - 0x00007ffef316d000 	C:\Windows\System32\USER32.dll
0x00007ffef1a30000 - 0x00007ffef1cca000 	C:\Windows\WinSxS\amd64_microsoft.windows.common-controls_6595b64144ccf1df_6.0.19041.1110_none_60b5254171f9507e\COMCTL32.dll
0x00007ffef2650000 - 0x00007ffef2672000 	C:\Windows\System32\win32u.dll
0x00007ffef4df0000 - 0x00007ffef4e1c000 	C:\Windows\System32\GDI32.dll
0x00007ffef2730000 - 0x00007ffef2845000 	C:\Windows\System32\gdi32full.dll
0x00007ffef2bc0000 - 0x00007ffef2c5d000 	C:\Windows\System32\msvcp_win.dll
0x00007ffeeedc0000 - 0x00007ffeeedca000 	C:\Windows\SYSTEM32\VERSION.dll
0x00007ffef3340000 - 0x00007ffef3370000 	C:\Windows\System32\IMM32.DLL
0x00007ffed0890000 - 0x00007ffed089c000 	C:\Program Files\Java\jdk-11\bin\vcruntime140_1.dll
0x00007ffea57e0000 - 0x00007ffea586e000 	C:\Program Files\Java\jdk-11\bin\msvcp140.dll
0x00007ffe97710000 - 0x00007ffe98278000 	C:\Program Files\Java\jdk-11\bin\server\jvm.dll
0x00007ffef4de0000 - 0x00007ffef4de8000 	C:\Windows\System32\PSAPI.DLL
0x00007ffedbe80000 - 0x00007ffedbe89000 	C:\Windows\SYSTEM32\WSOCK32.dll
0x00007ffeddc10000 - 0x00007ffeddc37000 	C:\Windows\SYSTEM32\WINMM.dll
0x00007ffef3d70000 - 0x00007ffef3ddb000 	C:\Windows\System32\WS2_32.dll
0x00007ffef0190000 - 0x00007ffef01a2000 	C:\Windows\SYSTEM32\kernel.appcore.dll
0x00007ffecf6b0000 - 0x00007ffecf6c0000 	C:\Program Files\Java\jdk-11\bin\verify.dll
0x00007ffef2060000 - 0x00007ffef2244000 	C:\Windows\SYSTEM32\DBGHELP.DLL
0x00007ffef1e00000 - 0x00007ffef1e34000 	C:\Windows\SYSTEM32\dbgcore.DLL
0x00007ffef2ef0000 - 0x00007ffef2f72000 	C:\Windows\System32\bcryptPrimitives.dll
0x00007ffec4950000 - 0x00007ffec4978000 	C:\Program Files\Java\jdk-11\bin\java.dll
0x00007ffecd0c0000 - 0x00007ffecd0ca000 	C:\Program Files\Java\jdk-11\bin\jimage.dll
0x00007ffeeecf0000 - 0x00007ffeeecfe000 	C:\Program Files\Java\jdk-11\bin\instrument.dll
0x00007ffec4440000 - 0x00007ffec4457000 	C:\Program Files\Java\jdk-11\bin\zip.dll
0x00007ffef3490000 - 0x00007ffef3bd4000 	C:\Windows\System32\SHELL32.dll
0x00007ffeef980000 - 0x00007ffef0114000 	C:\Windows\SYSTEM32\windows.storage.dll
0x00007ffef41a0000 - 0x00007ffef44f4000 	C:\Windows\System32\combase.dll
0x00007ffef1990000 - 0x00007ffef19be000 	C:\Windows\SYSTEM32\Wldp.dll
0x00007ffef4e80000 - 0x00007ffef4f2d000 	C:\Windows\System32\SHCORE.dll
0x00007ffef47f0000 - 0x00007ffef4845000 	C:\Windows\System32\shlwapi.dll
0x00007ffef2580000 - 0x00007ffef25a5000 	C:\Windows\SYSTEM32\profapi.dll
0x00007ffec33f0000 - 0x00007ffec3409000 	C:\Program Files\Java\jdk-11\bin\net.dll
0x00007ffee6170000 - 0x00007ffee627a000 	C:\Windows\SYSTEM32\WINHTTP.dll
0x00007ffef1860000 - 0x00007ffef18ca000 	C:\Windows\system32\mswsock.dll
0x00007ffebd0e0000 - 0x00007ffebd0f2000 	C:\Program Files\Java\jdk-11\bin\nio.dll
0x00007ffeeecd0000 - 0x00007ffeeecea000 	C:\Program Files\JetBrains\IntelliJ IDEA Community Edition 2023.2.1\bin\breakgen64.dll
0x00007ffef1420000 - 0x00007ffef14ea000 	C:\Windows\SYSTEM32\DNSAPI.dll
0x00007ffef13e0000 - 0x00007ffef141c000 	C:\Windows\SYSTEM32\IPHLPAPI.DLL
0x00007ffef3be0000 - 0x00007ffef3be8000 	C:\Windows\System32\NSI.dll
0x0000000054690000 - 0x00000000546b6000 	C:\Program Files\Bonjour\mdnsNSP.dll
0x00007ffedfa70000 - 0x00007ffedfa7a000 	C:\Windows\System32\rasadhlp.dll
0x00007ffedfb00000 - 0x00007ffedfb82000 	C:\Windows\System32\fwpuclnt.dll
0x00007ffef2c60000 - 0x00007ffef2c87000 	C:\Windows\System32\bcrypt.dll
0x00007ffef23c0000 - 0x00007ffef23d8000 	C:\Windows\SYSTEM32\CRYPTSP.dll
0x00007ffef1070000 - 0x00007ffef10a4000 	C:\Windows\system32\rsaenh.dll
0x00007ffef2540000 - 0x00007ffef256e000 	C:\Windows\SYSTEM32\USERENV.dll
0x00007ffef1950000 - 0x00007ffef195c000 	C:\Windows\SYSTEM32\CRYPTBASE.dll
0x00007ffee67c0000 - 0x00007ffee67d7000 	C:\Windows\SYSTEM32\dhcpcsvc6.DLL
0x00007ffee7ab0000 - 0x00007ffee7acd000 	C:\Windows\SYSTEM32\dhcpcsvc.DLL

dbghelp: loaded successfully - version: 4.0.5 - missing functions: none
symbol engine: initialized successfully - sym options: 0x614 - pdb path: .;C:\Program Files\Java\jdk-11\bin;C:\Windows\SYSTEM32;C:\Windows\WinSxS\amd64_microsoft.windows.common-controls_6595b64144ccf1df_6.0.19041.1110_none_60b5254171f9507e;C:\Program Files\Java\jdk-11\bin\server;C:\Program Files\JetBrains\IntelliJ IDEA Community Edition 2023.2.1\bin;C:\Program Files\Bonjour

VM Arguments:
jvm_args: -javaagent:C:\Program Files\JetBrains\IntelliJ IDEA Community Edition 2023.2.1\lib\idea_rt.jar=49251:C:\Program Files\JetBrains\IntelliJ IDEA Community Edition 2023.2.1\bin -Dfile.encoding=UTF-8 
java_command: tek.selenium.week_1.Locators
java_class_path (initial): C:\Users\Lenovo\IdeaProjects\knights-selenium-project\target\test-classes;C:\Users\Lenovo\IdeaProjects\knights-selenium-project\target\classes;C:\Users\Lenovo\.m2\repository\org\seleniumhq\selenium\selenium-java\4.11.0\selenium-java-4.11.0.jar;C:\Users\Lenovo\.m2\repository\org\seleniumhq\selenium\selenium-api\4.11.0\selenium-api-4.11.0.jar;C:\Users\Lenovo\.m2\repository\org\seleniumhq\selenium\selenium-chrome-driver\4.11.0\selenium-chrome-driver-4.11.0.jar;C:\Users\Lenovo\.m2\repository\com\google\auto\service\auto-service-annotations\1.0.1\auto-service-annotations-1.0.1.jar;C:\Users\Lenovo\.m2\repository\com\google\guava\guava\31.1-jre\guava-31.1-jre.jar;C:\Users\Lenovo\.m2\repository\com\google\guava\failureaccess\1.0.1\failureaccess-1.0.1.jar;C:\Users\Lenovo\.m2\repository\com\google\guava\listenablefuture\9999.0-empty-to-avoid-conflict-with-guava\listenablefuture-9999.0-empty-to-avoid-conflict-with-guava.jar;C:\Users\Lenovo\.m2\repository\com\google\code\findbugs\jsr305\3.0.2\jsr305-3.0.2.jar;C:\Users\Lenovo\.m2\repository\org\checkerframework\checker-qual\3.12.0\checker-qual-3.12.0.jar;C:\Users\Lenovo\.m2\repository\com\google\errorprone\error_prone_annotations\2.11.0\error_prone_annotations-2.11.0.jar;C:\Users\Lenovo\.m2\repository\com\google\j2objc\j2objc-annotations\1.3\j2objc-annotations-1.3.jar;C:\Users\Lenovo\.m2\repository\org\seleniumhq\selenium\selenium-chromium-driver\4.11.0\selenium-chromium-driver-4.11.0.jar;C:\Users\Lenovo\.m2\repository\org\seleniumhq\selenium\selenium-json\4.11.0\selenium-json-4.11.0.jar;C:\Users\Lenovo\.m2\repository\org\seleniumhq\selenium\selenium-manager\4.11.0\selenium-manager-4.11.0.jar;C:\Users\Lenovo\.m2\repository\org\seleniumhq\selenium\selenium-devtools-v113\4.11.0\selenium-devtools-v113-4.11.0.jar;C:\Users\Lenovo\.m2\repository\org\seleniumhq\selenium\selenium-devtools-v114\4.11.0\selenium-devtools-v114-4.11.0.jar;C:\Users\Lenovo\.m2\repository\org\seleniumhq\selenium\selenium-devtools-v1
Launcher Type: SUN_STANDARD

[Global flags]
     intx CICompilerCount                          = 4                                         {product} {ergonomic}
     uint ConcGCThreads                            = 2                                         {product} {ergonomic}
     uint G1ConcRefinementThreads                  = 8                                         {product} {ergonomic}
   size_t G1HeapRegionSize                         = 1048576                                   {product} {ergonomic}
    uintx GCDrainStackTargetSize                   = 64                                        {product} {ergonomic}
   size_t InitialHeapSize                          = 134217728                                 {product} {ergonomic}
   size_t MarkStackSize                            = 4194304                                   {product} {ergonomic}
   size_t MaxHeapSize                              = 2122317824                                {product} {ergonomic}
   size_t MaxNewSize                               = 1272971264                                {product} {ergonomic}
   size_t MinHeapDeltaBytes                        = 1048576                                   {product} {ergonomic}
    uintx NonNMethodCodeHeapSize                   = 5836300                                {pd product} {ergonomic}
    uintx NonProfiledCodeHeapSize                  = 122910970                              {pd product} {ergonomic}
    uintx ProfiledCodeHeapSize                     = 122910970                              {pd product} {ergonomic}
    uintx ReservedCodeCacheSize                    = 251658240                              {pd product} {ergonomic}
     bool SegmentedCodeCache                       = true                                      {product} {ergonomic}
     bool UseCompressedClassPointers               = true                                 {lp64_product} {ergonomic}
     bool UseCompressedOops                        = true                                 {lp64_product} {ergonomic}
     bool UseG1GC                                  = true                                      {product} {ergonomic}
     bool UseLargePagesIndividualAllocation        = false                                  {pd product} {ergonomic}

Logging:
Log output configuration:
 #0: stdout all=warning uptime,level,tags
 #1: stderr all=off uptime,level,tags

Environment Variables:
PATH=C:\Program Files\Common Files\Oracle\Java\javapath;C:\Windows\system32;C:\Windows;C:\Windows\System32\Wbem;C:\Windows\System32\WindowsPowerShell\v1.0\;C:\Windows\System32\OpenSSH\;C:\apache-maven-3.9.4-bin\apache-maven-3.9.4\bin;C:\Users\Lenovo\AppData\Local\Microsoft\WindowsApps;;C:\Program Files\JetBrains\IntelliJ IDEA Community Edition 2023.2.1\bin;
USERNAME=Lenovo
OS=Windows_NT
PROCESSOR_IDENTIFIER=Intel64 Family 6 Model 142 Stepping 10, GenuineIntel



---------------  S Y S T E M  ---------------

OS: Windows 10 , 64 bit Build 19041 (10.0.19041.3155)

CPU:total 8 (initial active 8) (4 cores per cpu, 2 threads per core) family 6 model 142 stepping 10 microcode 0xec, cmov, cx8, fxsr, mmx, sse, sse2, sse3, ssse3, sse4.1, sse4.2, popcnt, avx, avx2, clmul, erms, 3dnowpref, lzcnt, ht, tsc, tscinvbit, bmi1, bmi2, adx, fma

Memory: 4k page, system-wide physical 8088M (1738M free)
TotalPageFile size 13720M (AvailPageFile size 4000M)
current process WorkingSet (physical memory assigned to process): 59M, peak: 59M
current process commit charge ("private bytes"): 219M, peak: 219M

vm_info: Java HotSpot(TM) 64-Bit Server VM (11.0.18+9-LTS-195) for windows-amd64 JRE (11.0.18+9-LTS-195), built on Dec  6 2022 15:50:58 by "mach5one" with MS VC++ 17.1 (VS2022)

END.
